C51 COMPILER V8.12   CORE_CHIPREGS                                                         07/28/2018 12:03:38 PAGE 1   


C51 COMPILER V8.12, COMPILATION OF MODULE CORE_CHIPREGS
OBJECT MODULE PLACED IN Code\CHIP\CORE_CHIPREGS.OBJ
COMPILER INVOKED BY: C:\Keil\C51\BIN\C51.EXE Code\CHIP\CORE_CHIPREGS.C LA WL(1) CD OT(9,SIZE) NOAREGS OR INCDIR(.\Code\C
                    -ORE\INCLUDE\;.\Code\OEM\INCLUDE\;.\Code\CHIP\INCLUDE\)

line level    source

   1          /*-----------------------------------------------------------------------------
   2           * TITLE: CORE_CHIPREGS.C
   3           *
   4           * Copyright (c) ITE INC. All Rights Reserved.
   5           *
   6           *---------------------------------------------------------------------------*/
   7          
   8          #include <CORE_INCLUDE.H>
   9          #include <OEM_INCLUDE.H>
  10          
  11          //-----------------------------------------------------------------------------
  12          // (10XXh) Shared Memory Flash Interface Bridge (SMFI)
  13          //-----------------------------------------------------------------------------
  14          ECReg   FBCFG                   _at_ 0x1000;    // FBIU Configuration
  15          ECReg   FPCFG                   _at_ 0x1001;    // Flash Programming Configuration Register
  16          ECReg   FECBSR                  _at_ 0x1005;    // Flash EC Code Banking Select Register
  17          ECReg   FMSSR                   _at_ 0x1007;    // Flash Memory Size Select Registe
  18          ECReg   SMECCS                  _at_ 0x1020;    // Shared Memory EC Control and Status
  19          ECReg   SMHSR                   _at_ 0x1022;    // Shared Memory Host Semaphore
  20          ECReg   FLHCTRL1R               _at_ 0x1031;    // Flash Control Register 1
  21          ECReg   FLHCTRL2R               _at_ 0x1032;    // Flash Control Register 2
  22          ECReg   DCache                  _at_ 0x1033;    // 256 bytes cache
  23          ECReg   UCCTRLR                 _at_ 0x1034;    // uC Control Register
  24          ECReg   HCTRL2R                 _at_ 0x1036;    // Host Control 2 Register
  25          ECReg   HSPICTRL2R      _at_ 0x1039;    // HSPI Control 2 Register
  26          ECReg   HSPICTRL3R          _at_ 0x103A;        // HSPI
  27          ECReg   ECINDAR0                _at_ 0x103B;    // EC-Indirect Memory Address Register 0
  28          ECReg   ECINDAR1                _at_ 0x103C;    // EC-Indirect Memory Address Register 1
  29          ECReg   ECINDAR2                _at_ 0x103D;    // EC-Indirect Memory Address Register 2
  30          ECReg   ECINDAR3                _at_ 0x103E;    // EC-Indirect Memory Address Register 3
  31          ECReg   ECINDDR                 _at_ 0x103F;    // EC-Indirect Memory Data Register
  32          ECReg   SCRA0L                  _at_ 0x1040;    // Scratch SRAM 0 Address Low Byte Register
  33          ECReg   SCRA0M                  _at_ 0x1041;    // Scratch SRAM 0 Address Middle Byte Register
  34          ECReg   SCRA0H                  _at_ 0x1042;    // Scratch SRAM 0 Address High Byte Register
  35          ECReg   SCRA1L                  _at_ 0x1043;    // Scratch SRAM 1 Address Low Byte Register
  36          ECReg   SCRA1M                  _at_ 0x1044;    // Scratch SRAM 1 Address Middle Byte Register
  37          ECReg   SCRA1H                  _at_ 0x1045;    // Scratch SRAM 1 Address High Byte Register
  38          ECReg   SCRA2L                  _at_ 0x1046;    // Scratch SRAM 2 Address Low Byte Register
  39          ECReg   SCRA2M                  _at_ 0x1047;    // Scratch SRAM 2 Address Middle Byte Register
  40          ECReg   SCRA2H                  _at_ 0x1048;    // Scratch SRAM 2 Address High Byte Register
  41          ECReg   SCRA3L                  _at_ 0x1049;    // Scratch SRAM 3 Address Low Byte Register
  42          ECReg   SCRA3M                  _at_ 0x104A;    // Scratch SRAM 3 Address Middle Byte Register
  43          ECReg   SCRA3H                  _at_ 0x104B;    // Scratch SRAM 3 Address High Byte Register
  44          ECReg   SCRA4L                  _at_ 0x104C;    // Scratch SRAM 4 Address Low Byte Register
  45          ECReg   SCRA4M                  _at_ 0x104D;    // Scratch SRAM 4 Address Middle Byte Register
  46          ECReg   SCRA4H                  _at_ 0x104E;    // Scratch SRAM 4 Address High Byte Register
  47          
  48          ECReg   P0BA0R                  _at_ 0x104F;    // Protect 0 Base Addr Register 0
  49          ECReg   P0BA1R                  _at_ 0x1050;    // Protect 0 Base Addr Register 1
  50          ECReg   P0ZR                    _at_ 0x1051;    // Protect 0 Size Register
  51          ECReg   P1BA0R                  _at_ 0x1052;    // Protect 1 Base Addr Register 0
  52          ECReg   P1BA1R                  _at_ 0x1053;    // Protect 1 Base Addr Register 1
  53          ECReg   P1ZR                    _at_ 0x1054;    // Protect 1 Size Register
  54          ECReg   DSINST                  _at_ 0x1055;    // Deferred SPI Instruction
C51 COMPILER V8.12   CORE_CHIPREGS                                                         07/28/2018 12:03:38 PAGE 2   

  55          ECReg   DSADR1                  _at_ 0x1056;    // Deferred SPI Address
  56          ECReg   DSADR2                  _at_ 0x1057;    // Deferred SPI Address
  57          ECReg   HINSTC1                 _at_ 0x1058;    // Host Instruction Control 1
  58          ECReg   HINSTC2                 _at_ 0x1059;    // Host Instruction Control 2
  59          ECReg   HRAMWC                  _at_ 0x105A;    // Host RAM Window Control
  60          ECReg   HRAMW0BA                _at_ 0x105B;    // Host RAM Winodw 0 Base Address
  61          ECReg   HRAMW1BA                _at_ 0x105C;    // Host RAM Window 1 Base Address
  62          ECReg   HRAMW0AAS               _at_ 0x105D;    // Host RAM Window 0 Access Allow Size
  63          ECReg   HRAMW1AAS               _at_ 0x105E;    // Host RAM Window 1 Access Allow Size
  64          ECReg   SCAR5H                  _at_ 0x105F;
  65          ECReg   FLHCTRL3R               _at_ 0x1063;
  66          ECReg   FLHCTRL4R       _at_ 0x1064;    // Flash Control 4 Register
  67          
  68          ECReg   P2BA0R          _at_ 0x1070;    // Protect 2 Base Addr Register 0
  69          ECReg   P2BA1R          _at_ 0x1071;    // Protect 2 Base Addr Register 1
  70          ECReg   P2ZR            _at_ 0x1072;    // Protect 2 Size Register
  71          ECReg   P3BA0R          _at_ 0x1073;    // Protect 3 Base Addr Register 0
  72          ECReg   P3BA1R          _at_ 0x1074;    // Protect 3 Base Addr Register 1
  73          ECReg   P3ZR            _at_ 0x1075;    // Protect 3 Size Register
  74          ECReg   HRAMW2BA        _at_ 0x1076;    // Host RAM Windows 2 Base Address
  75          ECReg   HRAMW3BA        _at_ 0x1077;    // Host RAM Windows 3 Base Address
  76          ECReg   HRAMW2AAS       _at_ 0x1078;    // Host RAM Windows 2 Access Allow Size
  77          ECReg   HRAMW3AAS       _at_ 0x1079;    // Host RAM Windows 3 Access Allow Size
  78          ECReg   H2RAMECSIE      _at_ 0x107A;    // H2RAM EC Semaphore Interrupt Enable
  79          ECReg   H2RAMECSA       _at_ 0x107B;    // H2RAM EC Semaphore Address
  80          ECReg   H2RAMHSS        _at_ 0x107C;    // H2RAM Host Semphore Status
  81          ECReg   HPADR           _at_ 0x107E;    // Host Protect Authentication Data Register
  82          //-----------------------------------------------------------------------------
  83          // (11xxh) Interrupt controller (INTC)
  84          //-----------------------------------------------------------------------------
  85          ECReg   ISR0                    _at_ 0x1100;    // Interrupt Status Register 0
  86          ECReg   ISR1                    _at_ 0x1101;    // Interrupt Status Register 1
  87          ECReg   ISR2                    _at_ 0x1102;    // Interrupt Status Register 2
  88          ECReg   ISR3                    _at_ 0x1103;    // Interrupt Status Register 3
  89          ECReg   ISR4                    _at_ 0x1114;    // Interrupt Status Register 4
  90          ECReg   ISR5                    _at_ 0x1118;    // Interrupt Status Register 5
  91          ECReg   ISR6                    _at_ 0x111C;    // Interrupt Status Register 6
  92          ECReg   ISR7                    _at_ 0x1120;    // Interrupt Status Register 7
  93          ECReg   ISR8            _at_ 0x1124;    // Interrupt Status Register 8
  94          ECReg   ISR9            _at_ 0x1128;    // Interrupt Status Register 9
  95          ECReg   ISR10           _at_ 0x112C;    // Interrupt Status Register 10
  96          ECReg   ISR11           _at_ 0x1130;    // Interrupt Status Register 11
  97          ECReg   ISR12           _at_ 0x1134;    // Interrupt Status Register 12
  98          ECReg   ISR13           _at_ 0x1138;    // Interrupt Status Register 13
  99          ECReg   ISR14           _at_ 0x113C;    // Interrupt Status Register 14
 100          ECReg   ISR15           _at_ 0x1140;    // Interrupt Status Register 15
 101          ECReg   ISR16           _at_ 0x1144;    // Interrupt Status Register 16
 102          ECReg   ISR17           _at_ 0x1148;    // Interrupt Status Register 17
 103          ECReg   ISR18           _at_ 0x114C;    // Interrupt Status Register 18
 104          
 105          ECReg   IER0                    _at_ 0x1104;    // Interrupt Enable Register 0
 106          ECReg   IER1                    _at_ 0x1105;    // Interrupt Enable Register 1
 107          ECReg   IER2                    _at_ 0x1106;    // Interrupt Enable Register 2
 108          ECReg   IER3                    _at_ 0x1107;    // Interrupt Enable Register 3
 109          ECReg   IER4                    _at_ 0x1115;    // Interrupt Enable Register 4
 110          ECReg   IER5                    _at_ 0x1119;    // Interrupt Enable Register 5
 111          ECReg   IER6                    _at_ 0x111D;    // Interrupt Enable Register 6
 112          ECReg   IER7                    _at_ 0x1121;    // Interrupt Enable Register 7
 113          ECReg   IER8                    _at_ 0x1125;    // Interrupt Enable Register 8
 114          ECReg   IER9                    _at_ 0x1129;    // Interrupt Enable Register 9
 115          ECReg   IER10           _at_ 0x112D;    // Interrupt Enable Register 10
 116          ECReg   IER11           _at_ 0x1131;    // Interrupt Enable Register 11
C51 COMPILER V8.12   CORE_CHIPREGS                                                         07/28/2018 12:03:38 PAGE 3   

 117          ECReg   IER12           _at_ 0x1135;    // Interrupt Enable Register 12
 118          ECReg   IER13           _at_ 0x1139;    // Interrupt Enable Register 13
 119          ECReg   IER14           _at_ 0x113D;    // Interrupt Enable Register 14
 120          ECReg   IER15           _at_ 0x1141;    // Interrupt Enable Register 15
 121          ECReg   IER16           _at_ 0x1145;    // Interrupt Enable Register 16
 122          ECReg   IER17           _at_ 0x1149;    // Interrupt Enable Register 17
 123          ECReg   IER18           _at_ 0x114D;    // Interrupt Enable Register 18
 124          
 125          ECReg   IELMR0                  _at_ 0x1108;    // Interrupt Edge/Level-Triggered Mode Register 0
 126          ECReg   IELMR1                  _at_ 0x1109;    // Interrupt Edge/Level-Triggered Mode Register 1
 127          ECReg   IELMR2                  _at_ 0x110A;    // Interrupt Edge/Level-Triggered Mode Register 2
 128          ECReg   IELMR3                  _at_ 0x110B;    // Interrupt Edge/Level-Triggered Mode Register 3
 129          ECReg   IELMR4                  _at_ 0x1116;    // Interrupt Edge/Level-Triggered Mode Register 4
 130          ECReg   IELMR5                  _at_ 0x111A;    // Interrupt Edge/Level-Triggered Mode Register 5
 131          ECReg   IELMR6                  _at_ 0x111E;    // Interrupt Edge/Level-Triggered Mode Register 6
 132          ECReg   IELMR7                  _at_ 0x1122;    // Interrupt Edge/Level-Triggered Mode Register 7
 133          ECReg   IELMR8                  _at_ 0x1126;    // Interrupt Edge/Level-Triggered Mode Register 8
 134          ECReg   IELMR9                  _at_ 0x112A;    // Interrupt Edge/Level-Triggered Mode Register 9
 135          ECReg   IELMR10         _at_ 0x112E;    // Interrupt Edge/Level-Triggered Mode Register 10
 136          ECReg   IELMR11         _at_ 0x1132;    // Interrupt Edge/Level-Triggered Mode Register 11
 137          ECReg   IELMR12         _at_ 0x1136;    // Interrupt Edge/Level-Triggered Mode Register 12
 138          ECReg   IELMR13         _at_ 0x113A;    // Interrupt Edge/Level-Triggered Mode Register 13
 139          ECReg   IELMR14         _at_ 0x113E;    // Interrupt Edge/Level-Triggered Mode Register 14
 140          ECReg   IELMR15         _at_ 0x1142;    // Interrupt Edge/Level-Triggered Mode Register 15
 141          ECReg   IELMR16         _at_ 0x1146;    // Interrupt Edge/Level-Triggered Mode Register 16
 142          ECReg   IELMR17         _at_ 0x114A;    // Interrupt Edge/Level-Triggered Mode Register 17
 143          ECReg   IELMR18         _at_ 0x114E;    // Interrupt Edge/Level-Triggered Mode Register 18
 144          
 145          ECReg   IPOLR0                  _at_ 0x110C;    // Interrupt Polarity Register 0
 146          ECReg   IPOLR1                  _at_ 0x110D;    // Interrupt Polarity Register 1
 147          ECReg   IPOLR2                  _at_ 0x110E;    // Interrupt Polarity Register 2
 148          ECReg   IPOLR3                  _at_ 0x110F;    // Interrupt Polarity Register 3
 149          ECReg   IPOLR4                  _at_ 0x1117;    // Interrupt Polarity Register 4
 150          ECReg   IPOLR5                  _at_ 0x111B;    // Interrupt Polarity Register 5
 151          ECReg   IPOLR6                  _at_ 0x111F;    // Interrupt Polarity Register 6
 152          ECReg   IPOLR7                  _at_ 0x1123;    // Interrupt Polarity Register 7
 153          ECReg   IPOLR8                  _at_ 0x1127;    // Interrupt Polarity Register 8
 154          ECReg   IPOLR9                  _at_ 0x112B;    // Interrupt Polarity Register 9
 155          ECReg   IPOLR10         _at_ 0x112F;    // Interrupt Polarity Register 10
 156          ECReg   IPOLR11         _at_ 0x1133;    // Interrupt Polarity Register 11
 157          ECReg   IPOLR12         _at_ 0x1137;    // Interrupt Polarity Register 12
 158          ECReg   IPOLR13         _at_ 0x113B;    // Interrupt Polarity Register 13
 159          ECReg   IPOLR14         _at_ 0x113F;    // Interrupt Polarity Register 14
 160          ECReg   IPOLR15         _at_ 0x1143;    // Interrupt Polarity Register 15
 161          ECReg   IPOLR16         _at_ 0x1147;    // Interrupt Polarity Register 16
 162          ECReg   IPOLR17         _at_ 0x114B;    // Interrupt Polarity Register 17
 163          ECReg   IPOLR18         _at_ 0x114F;    // Interrupt Polarity Register 18
 164          
 165          ECReg   IVECT                   _at_ 0x1110;    // Interrupt Vector Register
 166          ECReg   INT0ST                  _at_ 0x1111;    // INT0# status
 167          ECReg   PFAILR                  _at_ 0x1112;    // Power Fail Register
 168          
 169          //-----------------------------------------------------------------------------
 170          // (12xxh) EC Access to ost Controlled Modules (EC2I Bridge)
 171          //-----------------------------------------------------------------------------
 172          ECReg   IHIOA                   _at_ 0x1200;    // Indirect Host I/O Address
 173          ECReg   IHD                     _at_ 0x1201;    // Indirect Host Data
 174          ECReg   LSIOHA                  _at_ 0x1202;    // Lock Super I/O Host Access
 175          ECReg   SIOLV                   _at_ 0x1203;    // Super I/O Access Lock Violation
 176          ECReg   IBMAE                   _at_ 0x1204;    // EC to I-Bus Modules Access Enable
 177          ECReg   IBCTL                   _at_ 0x1205;    // I-Bus Control
 178          
C51 COMPILER V8.12   CORE_CHIPREGS                                                         07/28/2018 12:03:38 PAGE 4   

 179          //-----------------------------------------------------------------------------
 180          // (13xxh) Keyboard Controller (KBC)
 181          //-----------------------------------------------------------------------------
 182          ECReg   KBHICR                  _at_ 0x1300;    // KBC Host Interface Control Register
 183          ECReg   KBIRQR                  _at_ 0x1302;    // KBC Interrupt Control Register
 184          ECReg   KBHISR                  _at_ 0x1304;    // KBC Host Interface Keyboard/Mouse Status Register
 185          ECReg   KBHIKDOR                _at_ 0x1306;    // KBC Host Interface Keyboard Data Output Register
 186          ECReg   KBHIMDOR                _at_ 0x1308;    // KBC Host Interface Mouse Data Output Register
 187          ECReg   KBHIDIR                 _at_ 0x130A;    // KBC Host Interface Keyboard/Mouse Data Input Register
 188          
 189          //-----------------------------------------------------------------------------
 190          // (14xxh) System Wake-Up Control (SWUC)
 191          //-----------------------------------------------------------------------------
 192          ECReg   SWCTL1                  _at_ 0x1400;    // SWUC Control Status 1 Register
 193          ECReg   SWCTL2                  _at_ 0x1402;    // SWUC Control Status 2 Register
 194          ECReg   SWCTL3                  _at_ 0x1404;    // SWUC Control Status 3 Register
 195          ECReg   SWCBALR                 _at_ 0x1408;    // SWUC Host Configuration Base Address Low Byte Register
 196          ECReg   SWCBAHR                 _at_ 0x140A;    // SWUC Host Configuration Base Address High Byte Register
 197          ECReg   SWCIER                  _at_ 0x140C;    // SWUC Interrupt Enable Register
 198          ECReg   SWCHSTR                 _at_ 0x140E;    // SWUC Host Event Status Register
 199          ECReg   SWCHIER                 _at_ 0x1410;    // SWUC Host Event Interrupt Enable Register
 200          
 201          //-----------------------------------------------------------------------------
 202          // (15xxh) Power Management Channel (PMC)
 203          //-----------------------------------------------------------------------------
 204                                                                                          // PM1
 205          ECReg   PM1STS                  _at_ 0x1500;    // Host Interface PM Channel 1 Status
 206          ECReg   PM1DO                   _at_ 0x1501;    // Host Interface PM Channel 1 Data Out Port
 207          ECReg   PM1DOSCI                _at_ 0x1502;    // Host Interface PM Channel 1 Data Out Port with SCI
 208          ECReg   PM1DOSMI                _at_ 0x1503;    // Host Interface PM Channel 1 Data Out Port with SMI
 209          ECReg   PM1DI                   _at_ 0x1504;    // Host Interface PM Channel 1 Data In Port
 210          ECReg   PM1DISCI                _at_ 0x1505;    // Host Interface PM Channel 1 Data In Port with SCI
 211          ECReg   PM1CTL                  _at_ 0x1506;    // Host Interface PM Channel 1 Control
 212          ECReg   PM1IC                   _at_ 0x1507;    // Host Interface PM Channel 1 Interrupt Control
 213          ECReg   PM1IE                   _at_ 0x1508;    // Host Interface PM Channel 1 Interrupt Enable
 214                                                                                          // PM2
 215          ECReg   PM2STS                  _at_ 0x1510;    // Host Interface PM Channel 2 Status
 216          ECReg   PM2DO                   _at_ 0x1511;    // Host Interface PM Channel 2 Data Out Port
 217          ECReg   PM2DOSCI                _at_ 0x1512;    // Host Interface PM Channel 2 Data Out Port with SCI
 218          ECReg   PM2DOSMI                _at_ 0x1513;    // Host Interface PM Channel 2 Data Out Port with SMI
 219          ECReg   PM2DI                   _at_ 0x1514;    // Host Interface PM Channel 2 Data In Port
 220          ECReg   PM2DISCI                _at_ 0x1515;    // Host Interface PM Channel 2 Data In Port with SCI
 221          ECReg   PM2CTL                  _at_ 0x1516;    // Host Interface PM Channel 2 Control
 222          ECReg   PM2IC                   _at_ 0x1517;    // Host Interface PM Channel 2 Interrupt Control
 223          ECReg   PM2IE                   _at_ 0x1518;    // Host Interface PM Channel 2 Interrupt Enable
 224                                                                                          // Mailbox
 225          ECReg   MBXCTRL                 _at_ 0x1519;    // Mailbox Control
 226          
 227          ECReg   PM3STS                  _at_ 0x1520;    // Host Interface PM Channel 3 Status
 228          ECReg   PM3DO                   _at_ 0x1521;    // Host Interface PM Channel 3 Data Out Port
 229          ECReg   PM3DI                   _at_ 0x1522;    // Host Interface PM Channel 3 Data In Port
 230          ECReg   PM3CTL                  _at_ 0x1523;    // Host Interface PM Channel 3 Control
 231          ECReg   PM3IC                   _at_ 0x1524;    // Host Interface PM Channel 3 Interrupt Control
 232          ECReg   PM3IE                   _at_ 0x1525;    // Host Interface PM Channel 3 Interrupt Enable
 233          
 234          ECReg   PM4STS                  _at_ 0x1530;    // Host Interface PM Channel 4 Status
 235          ECReg   PM4DO                   _at_ 0x1531;    // Host Interface PM Channel 4 Data Out Port
 236          ECReg   PM4DI                   _at_ 0x1532;    // Host Interface PM Channel 4 Data In Port
 237          ECReg   PM4CTL                  _at_ 0x1533;    // Host Interface PM Channel 4 Control
 238          ECReg   PM4IC                   _at_ 0x1534;    // Host Interface PM Channel 4 Interrupt Control
 239          ECReg   PM4IE                   _at_ 0x1535;    // Host Interface PM Channel 4 Interrupt Enable
 240          
C51 COMPILER V8.12   CORE_CHIPREGS                                                         07/28/2018 12:03:38 PAGE 5   

 241          ECReg   PM5STS          _at_ 0x1540;    // Host Interface PM Channel 5 Status
 242          ECReg   PM5DO           _at_ 0x1541;    // Host Interface PM Channel 5 Data Out Port
 243          ECReg   PM5DI           _at_ 0x1542;    // Host Interface PM Channel 5 Data In Port
 244          ECReg   PM5CTL          _at_ 0x1543;    // Host Interface PM Channel 5 Control
 245          ECReg   PM5IC           _at_ 0x1544;    // Host Interface PM Channel 5 Interrupt Control
 246          ECReg   PM5IE           _at_ 0x1545;    // Host Interface PM Channel 5 Interrupt Enable
 247          
 248          ECReg   MBXEC[16]               _at_ 0x15F0;// 16-byte PMC2EX Mailbox 0 ~ Mailbox 15
 249          
 250          //-----------------------------------------------------------------------------
 251          // (16XXh) General Purpose I/O Control Register
 252          //-----------------------------------------------------------------------------
 253                                                                                          // GPIO data register
 254          ECReg   GCR                     _at_ 0x1600;    // General Control Register
 255          ECReg   GCR1                    _at_ 0x16F0;    // General Control 1 Register
 256          ECReg   GCR2                    _at_ 0x16F1;    // General Control 2 Register
 257          ECReg   GCR3                    _at_ 0x16F2;    // General Control 3 Register
 258          ECReg   GCR4                    _at_ 0x16F3;    // General Control 4 Register
 259          ECReg   GCR5                    _at_ 0x16F4;    // General Control 5 Register
 260          ECReg   GCR6                    _at_ 0x16F5;    // General Control 6 Register
 261          ECReg   GCR7                    _at_ 0x16F6;    // General Control 7 Register
 262          ECReg   GCR8                    _at_ 0x16F7;    // General Control 8 Register
 263          ECReg   GCR9            _at_ 0x16F8;    // General Control 9 Register
 264          ECReg   GCR10           _at_ 0x16F9;    // General Control 10 Register
 265          ECReg   GCR11           _at_ 0x16FA;    // General Control 11 Register
 266          ECReg   GCR12           _at_ 0x16FB;    // General Control 12 Register
 267          ECReg   GCR13           _at_ 0x16FC;    // General Control 13 Register
 268          ECReg   GCR14           _at_ 0x16FD;    // General Control 14 Register
 269          ECReg   GCR15           _at_ 0x16FE;    // General Control 15 Register
 270          ECReg   GCR16           _at_ 0x16E0;    // General Control 16 Register
 271          ECReg   GCR17           _at_ 0x16E1;    // General Control 17 Register
 272          ECReg   GCR18           _at_ 0x16E2;    // General Control 18 Register
 273          ECReg   GCR19           _at_ 0x16E3;    // T29+ DS have not define, so the name may be not meet DS, but th
             -e address is OK.
 274          ECReg   RAM_16FF           _at_ 0x16FF;    // for AX GPE1  
 275          
 276          ECReg   GPDRA                   _at_ 0x1601;    // Port A Data Register
 277          ECReg   GPDRB                   _at_ 0x1602;    // Port B Data Register
 278          ECReg   GPDRC                   _at_ 0x1603;    // Port C Data Register
 279          ECReg   GPDRD                   _at_ 0x1604;    // Port D Data Register
 280          ECReg   GPDRE                   _at_ 0x1605;    // Port E Data Register
 281          ECReg   GPDRF                   _at_ 0x1606;    // Port F Data Register
 282          ECReg   GPDRG                   _at_ 0x1607;    // Port G Data Register
 283          ECReg   GPDRH                   _at_ 0x1608;    // Port H Data Register
 284          ECReg   GPDRI                   _at_ 0x1609;    // Port I Data Register
 285          ECReg   GPDRJ                   _at_ 0x160A;    // Port J Data Register
 286          ECReg   GPDRM                   _at_ 0x160D;    // Port M Data Register
 287                                                                                          // GPIO control register
 288          ECReg   GPCRA0                  _at_ 0x1610;    // Port Control A0 Registers
 289          ECReg   GPCRA1                  _at_ 0x1611;    // Port Control A1 Registers
 290          ECReg   GPCRA2                  _at_ 0x1612;    // Port Control A2 Registers
 291          ECReg   GPCRA3                  _at_ 0x1613;    // Port Control A3 Registers
 292          ECReg   GPCRA4                  _at_ 0x1614;    // Port Control A4 Registers
 293          ECReg   GPCRA5                  _at_ 0x1615;    // Port Control A5 Registers
 294          ECReg   GPCRA6                  _at_ 0x1616;    // Port Control A6 Registers
 295          ECReg   GPCRA7                  _at_ 0x1617;    // Port Control A7 Registers
 296          
 297          ECReg   GPCRB0                  _at_ 0x1618;    // Port Control B0 Registers
 298          ECReg   GPCRB1                  _at_ 0x1619;    // Port Control B1 Registers
 299          ECReg   GPCRB2                  _at_ 0x161A;    // Port Control B2 Registers
 300          ECReg   GPCRB3                  _at_ 0x161B;    // Port Control B3 Registers
 301          ECReg   GPCRB4                  _at_ 0x161C;    // Port Control B4 Registers
C51 COMPILER V8.12   CORE_CHIPREGS                                                         07/28/2018 12:03:38 PAGE 6   

 302          ECReg   GPCRB5                  _at_ 0x161D;    // Port Control B5 Registers
 303          ECReg   GPCRB6                  _at_ 0x161E;    // Port Control B6 Registers
 304          ECReg   GPCRB7                  _at_ 0x161F;    // Port Control B7 Registers
 305          
 306          ECReg   GPCRC0                  _at_ 0x1620;    // Port Control C0 Registers
 307          ECReg   GPCRC1                  _at_ 0x1621;    // Port Control C1 Registers
 308          ECReg   GPCRC2                  _at_ 0x1622;    // Port Control C2 Registers
 309          ECReg   GPCRC3                  _at_ 0x1623;    // Port Control C3 Registers
 310          ECReg   GPCRC4                  _at_ 0x1624;    // Port Control C4 Registers
 311          ECReg   GPCRC5                  _at_ 0x1625;    // Port Control C5 Registers
 312          ECReg   GPCRC6                  _at_ 0x1626;    // Port Control C6 Registers
 313          ECReg   GPCRC7                  _at_ 0x1627;    // Port Control C7 Registers
 314          
 315          ECReg   GPCRD0                  _at_ 0x1628;    // Port Control D0 Registers
 316          ECReg   GPCRD1                  _at_ 0x1629;    // Port Control D1 Registers
 317          ECReg   GPCRD2                  _at_ 0x162A;    // Port Control D2 Registers
 318          ECReg   GPCRD3                  _at_ 0x162B;    // Port Control D3 Registers
 319          ECReg   GPCRD4                  _at_ 0x162C;    // Port Control D4 Registers
 320          ECReg   GPCRD5                  _at_ 0x162D;    // Port Control D5 Registers
 321          ECReg   GPCRD6                  _at_ 0x162E;    // Port Control D6 Registers
 322          ECReg   GPCRD7                  _at_ 0x162F;    // Port Control D7 Registers
 323          
 324          ECReg   GPCRE0                  _at_ 0x1630;    // Port Control E0 Registers
 325          ECReg   GPCRE1                  _at_ 0x1631;    // Port Control E1 Registers
 326          ECReg   GPCRE2                  _at_ 0x1632;    // Port Control E2 Registers
 327          ECReg   GPCRE3                  _at_ 0x1633;    // Port Control E3 Registers
 328          ECReg   GPCRE4                  _at_ 0x1634;    // Port Control E4 Registers
 329          ECReg   GPCRE5                  _at_ 0x1635;    // Port Control E5 Registers
 330          ECReg   GPCRE6                  _at_ 0x1636;    // Port Control E6 Registers
 331          ECReg   GPCRE7                  _at_ 0x1637;    // Port Control E7 Registers
 332          
 333          ECReg   GPCRF0                  _at_ 0x1638;    // Port Control F0 Registers
 334          ECReg   GPCRF1                  _at_ 0x1639;    // Port Control F1 Registers
 335          ECReg   GPCRF2                  _at_ 0x163A;    // Port Control F2 Registers
 336          ECReg   GPCRF3                  _at_ 0x163B;    // Port Control F3 Registers
 337          ECReg   GPCRF4                  _at_ 0x163C;    // Port Control F4 Registers
 338          ECReg   GPCRF5                  _at_ 0x163D;    // Port Control F5 Registers
 339          ECReg   GPCRF6                  _at_ 0x163E;    // Port Control F6 Registers
 340          ECReg   GPCRF7                  _at_ 0x163F;    // Port Control F7 Registers
 341          
 342          ECReg   GPCRG0                  _at_ 0x1640;    // Port Control G0 Registers
 343          ECReg   GPCRG1                  _at_ 0x1641;    // Port Control G1 Registers
 344          ECReg   GPCRG2                  _at_ 0x1642;    // Port Control G2 Registers
 345          ECReg   GPCRG3                  _at_ 0x1643;    // Port Control G3 Registers
 346          ECReg   GPCRG4                  _at_ 0x1644;    // Port Control G4 Registers
 347          ECReg   GPCRG5                  _at_ 0x1645;    // Port Control G5 Registers
 348          ECReg   GPCRG6                  _at_ 0x1646;    // Port Control G6 Registers
 349          ECReg   GPCRG7                  _at_ 0x1647;    // Port Control G7 Registers
 350          
 351          ECReg   GPCRH0                  _at_ 0x1648;    // Port Control H0 Registers
 352          ECReg   GPCRH1                  _at_ 0x1649;    // Port Control H1 Registers
 353          ECReg   GPCRH2                  _at_ 0x164A;    // Port Control H2 Registers
 354          ECReg   GPCRH3                  _at_ 0x164B;    // Port Control H3 Registers
 355          ECReg   GPCRH4                  _at_ 0x164C;    // Port Control H4 Registers
 356          ECReg   GPCRH5                  _at_ 0x164D;    // Port Control H5 Registers
 357          ECReg   GPCRH6                  _at_ 0x164E;    // Port Control H6 Registers
 358          
 359          ECReg   GPCRI0                  _at_ 0x1650;    // Port Control I0 Registers
 360          ECReg   GPCRI1                  _at_ 0x1651;    // Port Control I1 Registers
 361          ECReg   GPCRI2                  _at_ 0x1652;    // Port Control I2 Registers
 362          ECReg   GPCRI3                  _at_ 0x1653;    // Port Control I3 Registers
 363          ECReg   GPCRI4                  _at_ 0x1654;    // Port Control I4 Registers
C51 COMPILER V8.12   CORE_CHIPREGS                                                         07/28/2018 12:03:38 PAGE 7   

 364          ECReg   GPCRI5                  _at_ 0x1655;    // Port Control I5 Registers
 365          ECReg   GPCRI6                  _at_ 0x1656;    // Port Control I6 Registers
 366          ECReg   GPCRI7                  _at_ 0x1657;    // Port Control I7 Registers
 367          
 368          ECReg   GPCRJ0                  _at_ 0x1658;    // Port Control J0 Registers
 369          ECReg   GPCRJ1                  _at_ 0x1659;    // Port Control J1 Registers
 370          ECReg   GPCRJ2                  _at_ 0x165A;    // Port Control J2 Registers
 371          ECReg   GPCRJ3                  _at_ 0x165B;    // Port Control J3 Registers
 372          ECReg   GPCRJ4                  _at_ 0x165C;    // Port Control J4 Registers
 373          ECReg   GPCRJ5                  _at_ 0x165D;    // Port Control J5 Registers
 374          ECReg   GPCRJ6                  _at_ 0x165E;    // Port Control J6 Registers
 375          ECReg   GPCRJ7                  _at_ 0x165F;    // Port Control J7 Registers
 376          
 377          
 378          
 379          ECReg   GPCRM0                  _at_ 0x16A0;    // Port Control M0 Registers
 380          ECReg   GPCRM1                  _at_ 0x16A1;    // Port Control M1 Registers
 381          ECReg   GPCRM2                  _at_ 0x16A2;    // Port Control M2 Registers
 382          ECReg   GPCRM3                  _at_ 0x16A3;    // Port Control M3 Registers
 383          ECReg   GPCRM4                  _at_ 0x16A4;    // Port Control M4 Registers
 384          ECReg   GPCRM5                  _at_ 0x16A5;    // Port Control M5 Registers
 385          ECReg   GPCRM6                  _at_ 0x16A6;    // Port Control M6 Registers
 386          
 387                                                                                          // Port Data Mirror Register
 388          ECReg   GPDMRA                  _at_ 0x1661;    // Port A Data Mirror Register
 389          ECReg   GPDMRB                  _at_ 0x1662;    // Port B Data Mirror Register
 390          ECReg   GPDMRC                  _at_ 0x1663;    // Port C Data Mirror Register
 391          ECReg   GPDMRD                  _at_ 0x1664;    // Port D Data Mirror Register
 392          ECReg   GPDMRE                  _at_ 0x1665;    // Port E Data Mirror Register
 393          ECReg   GPDMRF                  _at_ 0x1666;    // Port F Data Mirror Register
 394          ECReg   GPDMRG                  _at_ 0x1667;    // Port G Data Mirror Register
 395          ECReg   GPDMRH                  _at_ 0x1668;    // Port H Data Mirror Register
 396          ECReg   GPDMRI                  _at_ 0x1669;    // Port I Data Mirror Register
 397          ECReg   GPDMRJ                  _at_ 0x166A;    // Port J Data Mirror Register
 398          ECReg   GPDMRM                  _at_ 0x166D;    // Port M Data Mirror Register
 399          
 400          ECReg   GPOTA                   _at_ 0x1671;    // Output Type Register
 401          ECReg   GPOTB                   _at_ 0x1672;    // Output Type Register
 402          ECReg   GPOTD                   _at_ 0x1674;    // Output Type Register
 403          ECReg   GPOTE                   _at_ 0x1675;    // Output Type Register
 404          ECReg   GPOTF                   _at_ 0x1676;    // Output Type Register
 405          ECReg   GPOTH                   _at_ 0x1678;    // Output Type Register
 406          ECReg   GPOTJ                   _at_ 0x167A;    // Output Type Register
 407          
 408          //-----------------------------------------------------------------------------
 409          // (17XXh) PS/2 Interface Register
 410          //-----------------------------------------------------------------------------
 411          ECReg   PSCTL1                  _at_ 0x1700;    // PS/2 Control Register 1
 412          ECReg   PSCTL2                  _at_ 0x1701;    // PS/2 Control Register 2
 413          ECReg   PSCTL3                  _at_ 0x1702;    // PS/2 Control Register 3
 414          ECReg   PSINT1                  _at_ 0x1704;    // PS/2 Interrupt Control Register 1
 415          ECReg   PSINT2                  _at_ 0x1705;    // PS/2 Interrupt Control Register 2
 416          ECReg   PSINT3                  _at_ 0x1706;    // PS/2 Interrupt Control Register 3
 417          ECReg   PSSTS1                  _at_ 0x1708;    // PS/2 Status Register 1
 418          ECReg   PSSTS2                  _at_ 0x1709;    // PS/2 Status Register 2
 419          ECReg   PSSTS3                  _at_ 0x170A;    // PS/2 Status Register 3
 420          ECReg   PSDAT1                  _at_ 0x170C;    // PS/2 Data Register 1
 421          ECReg   PSDAT2                  _at_ 0x170D;    // PS/2 Data Register 2
 422          ECReg   PSDAT3                  _at_ 0x170E;    // PS/2 Data Register 3
 423          
 424          //-----------------------------------------------------------------------------
 425          // (18xxh) PWM & SmartAuto Fan Control (PWM)
C51 COMPILER V8.12   CORE_CHIPREGS                                                         07/28/2018 12:03:38 PAGE 8   

 426          //-----------------------------------------------------------------------------
 427          ECReg   C0CPRS                  _at_ 0x1800;    // Channel 0 Clock Prescaler Register
 428          ECReg   CTR                     _at_ 0x1801;    // Cycle Time 0
 429          ECReg   DCR0                    _at_ 0x1802;    // Channel 0 PWM Duty Cycle
 430          ECReg   DCR1                    _at_ 0x1803;    // Channel 0 PWM Duty Cycle
 431          ECReg   DCR2                    _at_ 0x1804;    // Channel 0 PWM Duty Cycle
 432          ECReg   DCR3                    _at_ 0x1805;    // Channel 0 PWM Duty Cycle
 433          ECReg   DCR4                    _at_ 0x1806;    // Channel 0 PWM Duty Cycle
 434          ECReg   DCR5                    _at_ 0x1807;    // Channel 0 PWM Duty Cycle
 435          ECReg   DCR6                    _at_ 0x1808;    // Channel 0 PWM Duty Cycle
 436          ECReg   DCR7                    _at_ 0x1809;    // Channel 0 PWM Duty Cycle
 437          ECReg   PWMPOL          _at_ 0x180A;    // PWM Polarity
 438          ECReg   PCFSR                   _at_ 0x180B;    // Prescaler Clock Frequency Select Register
 439          ECReg   PCSSGL                  _at_ 0x180C;    // Prescaler Clock Source Select Group Low
 440          ECReg   PCSSGH                  _at_ 0x180D;    // Prescaler Clock Source Select Group High
 441          ECReg   CR256PCSSG              _at_ 0x180E;    // CR256 Prescaler Clock Source Select Group
 442          ECReg   PCSGR                   _at_ 0x180F;    // Prescaler Clock Source Gating Register
 443          ECReg   F1TLRR                  _at_ 0x181E;    // Fan 1 Tachometer LSB Reading
 444          ECReg   F1TMRR                  _at_ 0x181F;    // Fan 1 Tachometer MSB Reading
 445          ECReg   F2TLRR                  _at_ 0x1820;    // Fan 2 Tachometer LSB Reading
 446          ECReg   F2TMRR                  _at_ 0x1821;    // Fan 2 Tachometer MSB Reading
 447          ECReg   ZINTSCR                 _at_ 0x1822;    // Zone Interrupt Status Control
 448          ECReg   ZTIER                   _at_ 0x1823;    // PWM Clock Control Register
 449          ECReg   TSWCTLR                 _at_ 0x1824;    // Tachometer Switch Control Register
 450          ECReg   C4CPRS                  _at_ 0x1827;    // Channel 4 Clock Prescaler Register
 451          ECReg   C4MCPRS                 _at_ 0x1828;    // Channel 4 Clock Prescaler MSB Register
 452          ECReg   C6CPRS                  _at_ 0x182B;    // Channel 6 Clock Prescaler Register
 453          ECReg   C6MCPRS                 _at_ 0x182C;    // Channel 6 Clock Prescaler MSB Register
 454          ECReg   C7CPRS                  _at_ 0x182D;    // Channel 7 Clock Prescaler Register
 455          ECReg   C7MCPRS                 _at_ 0x182E;    // Channel 7 Clock Prescaler MSB Register
 456          ECReg   CLK6MSEL                _at_ 0x1840;    // PWM Clock 6MHz Select Register
 457          ECReg   CTR1                    _at_ 0x1841;    // Cycle Time 1
 458          ECReg   CTR2                    _at_ 0x1842;    // Cycle Time 2
 459          ECReg   CTR3                    _at_ 0x1843;    // Cycle Time 3
 460          ECReg   PWM5TOCTRL              _at_ 0x1844;    // PWM5 Timeout Control Register
 461          ECReg   CFLRR                   _at_ 0x1845;    // Color Frequency LSB Register
 462          ECReg   CFMRR                   _at_ 0x1846;    // Color Frequency MSB Register
 463          ECReg   CFINTCTRL               _at_ 0x1847;    // Color Frequency Interrupt Control Register
 464          
 465          ECReg   TSWCTRL                 _at_ 0x1848;    // Tachometer Switch Control Register
 466          ECReg   PWMODENR                _at_ 0x1849;    // PWM Output Open-Drain Enable Register
 467          
 468          //MEILING030:S+ add PWM0 dimming control register.
 469          ECReg   PWM0LHE             _at_ 0x1850;    // PWM0 LED Dimming enable register   
 470          ECReg   PWM0LCR1                _at_ 0x1851;    // PWM0 LED Dimming control register1  
 471          ECReg   PWM0LCR2                _at_ 0x1852;    // PWM0 LED Dimming control register2 
 472          //MEILING030:E+ add PWM0 dimming control register.
 473          
 474          
 475          //-----------------------------------------------------------------------------
 476          // (19xxh) Analog to Digital converter (ADC)
 477          //-----------------------------------------------------------------------------
 478          ECReg   ADCSTS                  _at_ 0x1900;    // ADC Status
 479          ECReg   ADCCFG                  _at_ 0x1901;    // ADC Configuration
 480          ECReg   ADCCTL                  _at_ 0x1902;    // ADC Clock Control
 481          ECReg   ADCGCR                  _at_ 0x1903;    // ADC General Control Register
 482          ECReg   VCH0CTL                 _at_ 0x1904;    // Voltage Channel 0 Channel Control
 483          ECReg   KDCTL                   _at_ 0x1905;    // Calibration Data Control Register
 484          ECReg   VCH1CTL         _at_ 0x1906;    // Voltage Channel 1 Control
 485          ECReg   VCH1DATL        _at_ 0x1907;    // Voltage Channel 1 Data Buffer LSB
 486          ECReg   VCH1DATM        _at_ 0x1908;    // Voltage Channel 1 Data Buffer MSB
 487          ECReg   VCH2CTL         _at_ 0x1909;    // Voltage Channel 2 Control
C51 COMPILER V8.12   CORE_CHIPREGS                                                         07/28/2018 12:03:38 PAGE 9   

 488          ECReg   VCH2DATL        _at_ 0x190A;    // Voltage Channel 2 Data Buffer LSB
 489          ECReg   VCH2DATM        _at_ 0x190B;    // Voltage Channel 2 Data Buffer MSB
 490          ECReg   VCH3CTL         _at_ 0x190C;    // Voltage Channel 3 Control
 491          ECReg   VCH3DATL        _at_ 0x190D;    // Voltage Channel 3 Data Buffer LSB
 492          ECReg   VCH3DATM        _at_ 0x190E;    // Voltage Channel 3 Data Buffer MSB
 493          ECReg   VHSCDBL         _at_ 0x1914;    // Voltage High Scale Calibration Data Buffer LSB
 494          ECReg   VHSCDBM         _at_ 0x1915;    // Voltage High Scale Calibration Data Buffer MSB
 495          ECReg   VCH0DATL                _at_ 0x1918;    // Voltage Channel 0 Data Buffer LSB
 496          ECReg   VCH0DATM                _at_ 0x1919;    // Voltage Channel 0 Data Buffer MSB
 497          ECReg   VHSGCDBL        _at_ 0x191C;    // Voltage High Scale Gain-error Calibration Data Buffer LSB
 498          ECReg   VHSGCDBM        _at_ 0x191D;    // Voltage High Scale Gain-error Calibration Data Buffer MSB
 499          
 500          ECReg   VCMPSCP         _at_ 0x1937;    // Voltage Compare Scan Period
 501          ECReg   VCH4CTL         _at_ 0x1938;    // Voltage Channel 4 Control Register
 502          ECReg   VCH4DATM        _at_ 0x1939;    // Volt Channel 4 Data Buffer MSB
 503          ECReg   VCH4DATL        _at_ 0x193A;    // Volt Channel 4 Data Buffer LSB
 504          ECReg   VCH5CTL         _at_ 0x193B;    // Voltage Channel 5 Control Register
 505          ECReg   VCH5DATM        _at_ 0x193C;    // Volt Channel 5 Data Buffer MSB
 506          ECReg   VCH5DATL        _at_ 0x193D;    // Volt Channel 5 Data Buffer LSB
 507          ECReg   VCH6CTL         _at_ 0x193E;    // Voltage Channel 6 Control Register
 508          ECReg   VCH6DATM        _at_ 0x193F;    // Volt Channel 6 Data Buffer MSB
 509          ECReg   VCH6DATL        _at_ 0x1940;    // Volt Channel 6 Data Buffer LSB
 510          ECReg   VCH7CTL         _at_ 0x1941;    // Voltage Channel 7 Control Register
 511          ECReg   VCH7DATM        _at_ 0x1942;    // Volt Channel 7 Data Buffer MSB
 512          ECReg   VCH7DATL        _at_ 0x1943;    // Volt Channel 7 Data Buffer LSB
 513          ECReg   ADCDVSTS        _at_ 0x1944;    // ADC Data Vaild Status
 514          ECReg   VCMPSTS         _at_ 0x1945;    // Voltage Compare Status
 515          ECReg   VCMP0CTL        _at_ 0x1946;    // Voltage Compare Channel 0 Control Register
 516          ECReg   CMP0THRDATM     _at_ 0x1947;    // Voltage Compare 0 Threshold Data Buffer MSB
 517          ECReg   CMP0THRDATL     _at_ 0x1948;    // Voltage Compare 0 Threshold Data Buffer LSB
 518          ECReg   VCMP1CTL        _at_ 0x1949;    // Voltage Compare Channel 1 Control Register
 519          ECReg   CMP1THRDATM     _at_ 0x194A;    // Voltage Compare 1 Threshold Data Buffer MSB
 520          ECReg   CMP1THRDATL     _at_ 0x194B;    // Voltage Compare 1 Threshold Data Buffer LSB
 521          ECReg   VCMP2CTL        _at_ 0x194C;    // Voltage Compare Channel 2 Control Register
 522          ECReg   CMP2THRDATM     _at_ 0x194D;    // Voltage Compare 2 Threshold Data Buffer MSB
 523          ECReg   CMP2THRDATL     _at_ 0x194E;    // Voltage Compare 2 Threshold Data Buffer LSB
 524          ECReg   VCMPOTR                 _at_ 0x194F;    // Voltage Compare Output Type
 525          
 526          //-----------------------------------------------------------------------------
 527          // (1Axxh) Digital to Analog Converter (DAC)
 528          //-----------------------------------------------------------------------------
 529          ECReg   DACPWRDN        _at_ 0x1A01;    // DAC Power Down Register
 530          ECReg   DACDAT0         _at_ 0x1A02;    // DAC Data Channel 0
 531          ECReg   DACDAT1         _at_ 0x1A03;    // DAC Data Channel 1
 532          ECReg   DACDAT2         _at_ 0x1A04;    // DAC Data Channel 2
 533          ECReg   DACDAT3         _at_ 0x1A05;    // DAC Data Channel 3
 534          ECReg   DACDAT4         _at_ 0x1A06;    // DAC Data Channel 4
 535          ECReg   DACDAT5         _at_ 0x1A07;    // DAC Data Channel 5
 536          
 537          //-----------------------------------------------------------------------------
 538          // (1Bxxh) Wack-Up control (WUC)
 539          //-----------------------------------------------------------------------------
 540          ECReg   WUEMR1                  _at_ 0x1B00;    // Wake-Up Edge Mode Register 1
 541          ECReg   WUEMR2          _at_ 0x1B01;    // Wake-Up Edge Mode Register 2
 542          ECReg   WUEMR3          _at_ 0x1B02;    // Wake-Up Edge Mode Register 3
 543          ECReg   WUEMR4          _at_ 0x1B03;    // Wake-Up Edge Mode Register 4
 544          ECReg   WUEMR6          _at_ 0x1B10;    // Wake-Up Edge Mode Register 6
 545          ECReg   WUEMR7          _at_ 0x1B14;    // Wake-Up Edge Mode Register 7
 546          ECReg   WUEMR8          _at_ 0x1B18;    // Wake-Up Edge Mode Register 8
 547          ECReg   WUEMR9          _at_ 0x1B1C;    // Wake-Up Edge Mode Register 9
 548          ECReg   WUEMR10         _at_ 0x1B20;    // Wake-Up Edge Mode Register 10
 549          ECReg   WUEMR11         _at_ 0x1B24;    // Wake-Up Edge Mode Register 11
C51 COMPILER V8.12   CORE_CHIPREGS                                                         07/28/2018 12:03:38 PAGE 10  

 550          ECReg   WUEMR12         _at_ 0x1B28;    // Wake-Up Edge Mode Register 12
 551          ECReg   WUEMR13         _at_ 0x1B2C;    // Wake-Up Edge Mode Register 13
 552          ECReg   WUEMR14         _at_ 0x1B30;    // Wake-Up Edge Mode Register 14
 553          ECReg   WUESR1          _at_ 0x1B04;    // Wake-Up Edge Sense Register 1
 554          ECReg   WUESR2          _at_ 0x1B05;    // Wake-Up Edge Sense Register 2
 555          ECReg   WUESR3          _at_ 0x1B06;    // Wake-Up Edge Sense Register 3
 556          ECReg   WUESR4          _at_ 0x1B07;    // Wake-Up Edge Sense Register 4
 557          ECReg   WUESR6          _at_ 0x1B11;    // Wake-Up Edge Sense Register 6
 558          ECReg   WUESR7          _at_ 0x1B15;    // Wake-Up Edge Sense Register 7
 559          ECReg   WUESR8          _at_ 0x1B19;    // Wake-Up Edge Sense Register 8
 560          ECReg   WUESR9          _at_ 0x1B1D;    // Wake-Up Edge Sense Register 9
 561          ECReg   WUESR10         _at_ 0x1B21;    // Wake-Up Edge Sense Register 10
 562          ECReg   WUESR11         _at_ 0x1B25;    // Wake-Up Edge Sense Register 11
 563          ECReg   WUESR12         _at_ 0x1B29;    // Wake-Up Edge Sense Register 12
 564          ECReg   WUESR13         _at_ 0x1B2D;    // Wake-Up Edge Sense Register 13
 565          ECReg   WUESR14         _at_ 0x1B31;    // Wake-Up Edge Sense Register 14
 566          ECReg   WUENR1          _at_ 0x1B08;    // Wake-Up Enable Register 1
 567          //ECReg WUENR2          _at_ 0x1B09;    // Wake-Up Enable Register 2
 568          ECReg   WUENR3          _at_ 0x1B0A;    // Wake-Up Enable Register 3
 569          ECReg   WUENR4                  _at_ 0x1B0B;    // Wake-Up Enable Register 4
 570          //ECReg WUENR6                  _at_ 0x1B12;    // Wake-Up Enable Register 6
 571          //ECReg WUENR7                  _at_ 0x1B16;    // Wake-Up Enable Register 7
 572          //ECReg   WUENR8          _at_ 0x1B1A;    // Wake-Up Enable Register 8
 573          //ECReg   WUENR9          _at_ 0x1B1E;    // Wake-Up Enable Register 9
 574          
 575          //-----------------------------------------------------------------------------
 576          // (1Cxxh) SMBus Interface (SMB)
 577          //-----------------------------------------------------------------------------
 578          ECReg   HOSTA_A         _at_ 0x1C00;    // Host Status A
 579          ECReg   HOSTA_B         _at_ 0x1C11;    // Host Status B
 580          ECReg   HOSTA_C         _at_ 0x1C29;    // Host Status C
 581          ECReg   HOSTA_D         _at_ 0x1C35;    // Host Status D
 582          ECReg   HOCTL_A         _at_ 0x1C01;    // Host Control A
 583          ECReg   HOCTL_B         _at_ 0x1C12;    // Host Control B
 584          ECReg   HOCTL_C         _at_ 0x1C2A;    // Host Control C
 585          ECReg   HOCTL_D         _at_ 0x1C36;    // Host Control D
 586          ECReg   HOCMD_A         _at_ 0x1C02;    // Host Command A
 587          ECReg   HOCMD_B         _at_ 0x1C13;    // Host Command B
 588          ECReg   HOCMD_C         _at_ 0x1C2B;    // Host Command C
 589          ECReg   HOCMD_D         _at_ 0x1C37;    // Host Command D
 590          ECReg   TRASLA_A        _at_ 0x1C03;    // Transmit Slave Address A
 591          ECReg   TRASLA_B        _at_ 0x1C14;    // Transmit Slave Address B
 592          ECReg   TRASLA_C        _at_ 0x1C2C;    // Transmit Slave Address C
 593          ECReg   TRASLA_D        _at_ 0x1C38;    // Transmit Slave Address D
 594          ECReg   D0REG_A         _at_ 0x1C04;    // Host Data 0 A
 595          ECReg   D0REG_B         _at_ 0x1C15;    // Host Data 0 B
 596          ECReg   D0REG_C         _at_ 0x1C2D;    // Host Data 0 C
 597          ECReg   D0REG_D         _at_ 0x1C39;    // Host Data 0 D
 598          ECReg   D1REG_A         _at_ 0x1C05;    // Host Data 1 A
 599          ECReg   D1REG_B         _at_ 0x1C16;    // Host Data 1 B
 600          ECReg   D1REG_C         _at_ 0x1C2E;    // Host Data 1 C
 601          ECReg   D1REG_D         _at_ 0x1C3A;    // Host Data 1 D
 602          ECReg   HOBDB_A         _at_ 0x1C06;    // Host Block Data Byte A
 603          ECReg   HOBDB_B         _at_ 0x1C17;    // Host Block Data Byte B
 604          ECReg   HOBDB_C         _at_ 0x1C2F;    // Host Block Data Byte C
 605          ECReg   HOBDB_D         _at_ 0x1C3B;    // Host Block Data Byte D
 606          ECReg   PECERC_A        _at_ 0x1C07;    // Packet Error Check A
 607          ECReg   PECERC_B        _at_ 0x1C18;    // Packet Error Check B
 608          ECReg   PECERC_C        _at_ 0x1C30;    // Packet Error Check C
 609          ECReg   PECERC_D        _at_ 0x1C3C;    // Packet Error Check D
 610          
 611          ECReg   RESLADR_A               _at_ 0x1C08;    // Receive Slave Adress A
C51 COMPILER V8.12   CORE_CHIPREGS                                                         07/28/2018 12:03:38 PAGE 11  

 612          ECReg   RESLADR_B               _at_ 0x1C19;    // Receive Slave Adress B
 613          ECReg   RESLADR_2_A             _at_ 0x1C3F;    // Receive Slave Adress_2 A
 614          ECReg   RESLADR_2_B             _at_ 0x1C44;    // Receive Slave Adress_2 B
 615          ECReg   SLDA_A                  _at_ 0x1C09;    // Slave Data A
 616          ECReg   SLDA_B                  _at_ 0x1C1A;    // Slave Data B
 617          
 618          ECReg   SMBPCTL_A       _at_ 0x1C0A;    // SMBUS Pin Control A
 619          ECReg   SMBPCTL_B       _at_ 0x1C1B;    // SMBUS Pin Control B
 620          ECReg   SMBPCTL_C       _at_ 0x1C31;    // SMBUS Pin Control C
 621          ECReg   SMBPCTL_D       _at_ 0x1C3D;    // SMBUS Pin Control D
 622          
 623          ECReg   SLSTA_A                 _at_ 0x1C0B;    // Slave Status A
 624          ECReg   SLSTA_B                 _at_ 0x1C1C;    // Slave Status B
 625          ECReg   SICR_A                  _at_ 0x1C0C;    // Slave Interrupt Control A
 626          ECReg   SICR_B                  _at_ 0x1C1D;    // Slave Interrupt Control B
 627          ECReg   NDADR_A                 _at_ 0x1C0D;    // Notify Device Adress A
 628          ECReg   NDADR_B                 _at_ 0x1C1E;    // Notify Device Adress B
 629          ECReg   NDLB_A                  _at_ 0x1C0E;    // Notify Data Low Byte A
 630          ECReg   NDLB_B                  _at_ 0x1C1F;    // Notify Data Low Byte B
 631          ECReg   NDHB_A                  _at_ 0x1C0F;    // Notify Data High Byte A
 632          ECReg   NDHB_B                  _at_ 0x1C20;    // Notify Data High Byte B
 633          
 634          ECReg   HOCTL2_A        _at_ 0x1C10;    // Host Control2 A
 635          ECReg   HOCTL2_B        _at_ 0x1C21;    // Host Control2 B
 636          ECReg   HOCTL2_C        _at_ 0x1C32;    // Host Control2 C
 637          ECReg   HOCTL2_D        _at_ 0x1C3E;    // Host Control2 D
 638          ECReg   SMB4P7USL       _at_ 0x1C22;    // 4.7 gs Low Register
 639          ECReg   SMB4P0USH       _at_ 0x1C23;    // 4.7 gs High Register
 640          ECReg   SMB300NS                _at_ 0x1C24;    // 300 ns Register
 641          ECReg   SMB250NS                _at_ 0x1C25;    // 250 ns Register
 642          ECReg   SMB25MS                 _at_ 0x1C26;    // 25 ms Register
 643          ECReg   SMB45P3USL              _at_ 0x1C27;    // 45.3 gs Low Register
 644          ECReg   SMBS4P3USH              _at_ 0x1C28;    // 45.3 gs High Register
 645          ECReg   SMB4P7A4P0H             _at_ 0x1C33;    // 4.7 gs and 4.0 gs High Register
 646          
 647          ECReg   SLVISEL                 _at_ 0x1C34;    // Slave Interface Select
 648          ECReg   SCLKTS_A                _at_ 0x1C40;    // SMCLK Timing Setting Register A
 649          ECReg   SCLKTS_B                _at_ 0x1C41;    // SMCLK Timing Setting Register B
 650          ECReg   SCLKTS_C                _at_ 0x1C42;    // SMCLK Timing Setting Register C
 651          ECReg   SCLKTS_D                _at_ 0x1C43;    // SMCLK Timing Setting Register D
 652          ECReg   SMBFFCTRL1      _at_ 0x1C45;    // SMbus FIFO Control 1 Register
 653          ECReg   SMBFFSTS1       _at_ 0x1C46;    // SMBus FIFO Status 1 Register
 654          ECReg   SMBFFCTRL2      _at_ 0x1C47;    // SMBus FIFO Control 2 Register
 655          ECReg   SMBFFSTS2       _at_ 0x1C48;    // SMBus FIFO Status 2 Register
 656          //-----------------------------------------------------------------------------
 657          // (1Dxxh) Keyboard Matrix Scan control (KBS)
 658          //-----------------------------------------------------------------------------
 659          ECReg   KSOL            _at_ 0x1D00;    // Keyboard Scan Out
 660          ECReg   KSOH1           _at_ 0x1D01;    // Keyboard Scan Out
 661          ECReg   KSOCTRL         _at_ 0x1D02;    // Keyboard Scan Out Control
 662          ECReg   KSOH2                   _at_ 0x1D03;    // Keyboard Scan Out
 663          ECReg   KSI             _at_ 0x1D04;    // Keyboard Scan In
 664          ECReg   KSICTRL         _at_ 0x1D05;    // Keyboard Scan In Control
 665          ECReg   KSIGCTRL        _at_ 0x1D06;    // Keyboard Scan In [7:0] GPIO Control
 666          ECReg   KSIGOEN         _at_ 0x1D07;    // Keyboard Scan In [7:0] GPIO Output Enable
 667          ECReg   KSIGDAT         _at_ 0x1D08;    // Keyboard Scan In [7:0] GPIO DATA
 668          ECReg   KSIGDMRR        _at_ 0x1D09;    // Keyboard Scan In [7:0] GPIO DATA Mirror
 669          ECReg   KSOHGCTRL       _at_ 0x1D0A;    // Keyboard Scan Out [15:8] GPIO Control
 670          ECReg   KSOHGOEN        _at_ 0x1D0B;    // Keyboard Scan Out [15:8] GPIO Output Enable
 671          ECReg   KSOHGDMRR       _at_ 0x1D0C;    // Keyboard Scan Out [15:8] GPIO DATA Mirror
 672          ECReg   KSOLGCTRL       _at_ 0x1D0D;    // Keyboard Scan Out [7:0] GPIO Control
 673          ECReg   KSOLGOEN        _at_ 0x1D0E;    // Keyboard Scan Out [7:0] GPIO Output Enable
C51 COMPILER V8.12   CORE_CHIPREGS                                                         07/28/2018 12:03:38 PAGE 12  

 674          ECReg   KSOLGDMRR       _at_ 0x1D0F;    // Keyboard Scan Out [7:0] GPIO DATA Mirror
 675          ECReg   KSO0LSDR        _at_ 0x1D10;    // KSO 0 Low Scan Data Register
 676          ECReg   KSO1LSDR        _at_ 0x1D11;    // KSO 1 Low Scan Data Register
 677          ECReg   KSO2LSDR        _at_ 0x1D12;    // KSO 2 Low Scan Data Register
 678          ECReg   KSO3LSDR        _at_ 0x1D13;    // KSO 3 Low Scan Data Register
 679          ECReg   KSO4LSDR        _at_ 0x1D14;    // KSO 4 Low Scan Data Register
 680          ECReg   KSO5LSDR        _at_ 0x1D15;    // KSO 5 Low Scan Data Register
 681          ECReg   KSO6LSDR        _at_ 0x1D16;    // KSO 6 Low Scan Data Register
 682          ECReg   KSO7LSDR        _at_ 0x1D17;    // KSO 7 Low Scan Data Register
 683          ECReg   KSO8LSDR        _at_ 0x1D18;    // KSO 8 Low Scan Data Register
 684          ECReg   KSO9LSDR        _at_ 0x1D19;    // KSO 9 Low Scan Data Register
 685          ECReg   KSO10LSDR       _at_ 0x1D1A;    // KSO 10 Low Scan Data Register
 686          ECReg   KSO11LSDR       _at_ 0x1D1B;    // KSO 11 Low Scan Data Register
 687          ECReg   KSO12LSDR       _at_ 0x1D1C;    // KSO 12 Low Scan Data Register
 688          ECReg   KSO13LSDR       _at_ 0x1D1D;    // KSO 13 Low Scan Data Register
 689          ECReg   KSO14LSDR       _at_ 0x1D1E;    // KSO 14 Low Scan Data Register
 690          ECReg   KSO15LSDR       _at_ 0x1D1F;    // KSO 15 Low Scan Data Register
 691          ECReg   KSO16LSDR       _at_ 0x1D20;    // KSO 16 Low Scan Data Register
 692          ECReg   KSO17LSDR       _at_ 0x1D21;    // KSO 17 Low Scan Data Register
 693          ECReg   SDC1R           _at_ 0x1D22;    // Scan Data Control 1 Register
 694          ECReg   SDC2R           _at_ 0x1D23;    // Scan Data Control 2 Register
 695          ECReg   SDC3R           _at_ 0x1D24;    // Scan Data Control 3 Register
 696          ECReg   SDC4R           _at_ 0x1D25;    // Scan Data Control 4 Register
 697          //-----------------------------------------------------------------------------
 698          // (1Exxh) EC Clock and Power Management controller (ECPM)
 699          //-----------------------------------------------------------------------------
 700          ECReg   CGCTRL1R        _at_ 0x1E01;    // Clock Gating Control 1
 701          ECReg   CGCTRL2R        _at_ 0x1E02;    // Clock Gating Control 2
 702          ECReg   CGCTRL3R                _at_ 0x1E05;    // Clock Gating Control 3
 703          ECReg   PLLCTRL         _at_ 0x1E03;    // PLL Control
 704          ECReg   AUTOCG                  _at_ 0x1E04;    // Auto Clock Gating
 705          ECReg   PLLFREQR                _at_ 0x1E06;    // PLL Frequency
 706          ECReg   PLLSSCR                 _at_ 0x1E07;    // PLL Frequency
 707          ECReg   PLLCSS          _at_ 0x1E08;    // PLL Clock Source Status
 708          ECReg   CGCTRL4R        _at_ 0x1E09;    // Clock Gating Control 4 Register
 709          //-----------------------------------------------------------------------------
 710          // (1Fxxh) External Timer & External Watchdog (ETWD)
 711          //-----------------------------------------------------------------------------
 712          ECReg   ETWCFG          _at_ 0x1F01;    // External Timer/WDT Configuration Register
 713          ECReg   ETPSR           _at_ 0x1F02;    // External Timer Prescaler Register
 714          ECReg   ETCNTLHR        _at_ 0x1F03;    // External Timer Counter High Byte
 715          ECReg   ETCNTLLR        _at_ 0x1F04;    // External Timer Counter Low Byte
 716          ECReg   ETWCTRL         _at_ 0x1F05;    // External Timer/WDT Control Register
 717          ECReg   EWDCNTLR        _at_ 0x1F06;    // External WDT Counter Low Byte
 718          ECReg   EWDKEYR         _at_ 0x1F07;    // External WDT Key Register
 719          ECReg   EWDCNTHR                _at_ 0x1F09;    // External WDT Counter High Byte
 720          
 721          ECReg   ET2PSR          _at_ 0x1F0A;    // External Timer 2 Prescaler Register
 722          ECReg   ET2CNTLHR       _at_ 0x1F0B;    // External Timer 2 Counter High Byte
 723          ECReg   ET2CNTLLR       _at_ 0x1F0C;    // External Timer 2 Counter Low Byte
 724          ECReg   ET2CNTLH2R              _at_ 0x1F0E;    // External Timer 2 Counter High Byte
 725          
 726          //-----------------------------------------------------------------------------
 727          // General Control (GCTRL) (20xxh)
 728          //-----------------------------------------------------------------------------
 729          ECReg   ECHIPID1                _at_ 0x2000;    // Chip ID Byte 1
 730          ECReg   ECHIPID2                _at_ 0x2001;    // Chip ID Byte 2
 731          ECReg   ECHIPVER                _at_ 0x2002;    // Chip Version
 732          ECReg   IDR                             _at_ 0x2004;    // Identify Input Register
 733          ECReg   RSTS                    _at_ 0x2006;    // Reset Status
 734          ECReg   RSTC1                   _at_ 0x2007;    // Reset Control 1
 735          ECReg   RSTC2                   _at_ 0x2008;    // Reset Control 2
C51 COMPILER V8.12   CORE_CHIPREGS                                                         07/28/2018 12:03:38 PAGE 13  

 736          ECReg   RSTC3                   _at_ 0x2009;    // Reset Control 3
 737          ECReg   RSTC4                   _at_ 0x2011;    // Reset Control 4
 738          ECReg   RSTDMMC                 _at_ 0x2010;    // Reset Control DMMC
 739          ECReg   BADRSEL                 _at_ 0x200A;    // Base Address Select
 740          ECReg   WNCKR                   _at_ 0x200B;    // Wait Next Clock Rising
 741          ECReg   OSCTRL                  _at_ 0x200C;    // Oscillator Control Register
 742          ECReg   SPCTRL1                 _at_ 0x200D;    // Special Control 1
 743          ECReg   RSTCH                   _at_ 0x200E;    // Reset Control Host Side
 744          ECReg   GENIRQ                  _at_ 0x200F;    // Generate IRQ
 745          ECReg   SPECTRL2                _at_ 0x2012;    // Special Control 2
 746          ECReg   SPECTRL3                _at_ 0x2016;    // Special Control 3
 747          
 748          ECReg   PI2ECH                  _at_ 0x2014;    // Port I2EC High-Byte Register
 749          ECReg   PI2ECL                  _at_ 0x2015;    // Port I2EC Low-Byte Register
 750          ECReg   BINTADDR0R              _at_ 0x2019;    // BRAM Interrupt Address 0 Register
 751          ECReg   BINTADDR1R              _at_ 0x201A;    // BRAM Interrupt Address 1 Register
 752          ECReg   BINTCTRLR               _at_ 0x201B;    // BRAM Interrupt Control Register
 753          
 754          ECReg   EC201Ch         _at_ 0x201C;
 755          ECReg   AddrX_High      _at_ 0x2020;
 756          ECReg   AddrX_Low       _at_ 0x2021;
 757          ECReg   AddrY_High      _at_ 0x2022;
 758          ECReg   AddrY_Low       _at_ 0x2023;
 759          ECReg   AddrZ_High      _at_ 0x2024;
 760          ECReg   AddrZ_Low       _at_ 0x2025;
 761          ECReg   AddrW_High      _at_ 0x2026;
 762          ECReg   AddrW_Low       _at_ 0x2027;
 763          ECReg   Cal_CTRL        _at_ 0x202a;
 764          ECReg   N_Bit_Shift     _at_ 0x202b;
 765          ECReg   Cal_CTRL2       _at_ 0x202C;
 766          
 767          ECReg   SHA1HASHCTRLR   _at_ 0x202D;    // SHA1 Hash Control Register
 768          ECReg   SHA1HBADDR      _at_ 0x202E;    // SHA1 Hash Base Address Register
 769          
 770          //-----------------------------------------------------------------------------
 771          // (21xxh) External GPIO Controller (EGPC)
 772          //-----------------------------------------------------------------------------
 773          ECReg   EADDR                   _at_ 0x2100;    // External GPIO Address Register
 774          ECReg   EDAT                    _at_ 0x2101;    // External GPIO Data Register
 775          ECReg   ECNT                    _at_ 0x2102;    // External GPIO Control Register
 776          ECReg   ESTS                    _at_ 0x2103;    // External GPIO Status Register
 777          
 778          //-----------------------------------------------------------------------------
 779          // (22xxh) Battery-Backed SRAM (BRAM)
 780          //-----------------------------------------------------------------------------
 781          ECReg   BRAMBK0[128]            _at_ 0x2200;    // 128 bytes bram
 782          ECReg   BRAM[64]                _at_ 0x2280;    // 64 bytes bram
 783          
 784          //-----------------------------------------------------------------------------
 785          // (23xxh) Consumer IR (CIR)
 786          //-----------------------------------------------------------------------------
 787          ECReg   C0DR                    _at_ 0x2300;    // CIR Data Register
 788          ECReg   C0MSTCR                 _at_ 0x2301;    // CIR Master Control Register
 789          ECReg   C0IER                   _at_ 0x2302;    // CIR Interrupt Enable Register
 790          ECReg   C0IIR                   _at_ 0x2303;    // CIR Interrupt Identification Register
 791          ECReg   C0CFR                   _at_ 0x2304;    // CIR Carrier Frequency Register
 792          ECReg   C0RCR                   _at_ 0x2305;    // CIR Receive Control Register
 793          ECReg   C0TCR                   _at_ 0x2306;    // CIR Transmitter Register
 794          ECReg   C0SCK                   _at_ 0x2307;    // CIR for sleep mode
 795          ECReg   C0BDLR                  _at_ 0x2308;    // CIR Baud Rate Divisor Low Byte Register
 796          ECReg   C0BDHR                  _at_ 0x2309;    // CIR Baud Rate Divisor High Byte Register
 797          ECReg   C0TFSR                  _at_ 0x230A;    // CIR Transmitter FIFO Status Register
C51 COMPILER V8.12   CORE_CHIPREGS                                                         07/28/2018 12:03:38 PAGE 14  

 798          ECReg   C0RFSR                  _at_ 0x230B;    // CIR Receiver FIFO Status Register
 799          ECReg   C0WCSSR                 _at_ 0x230C;    // CIR Wakeup Code Set Select Register
 800          ECReg   C0WCL                   _at_ 0x230D;    // CIR Wakeup Code Length Register
 801          ECReg   C0WCR                   _at_ 0x230E;    // CIR Wakeup Code Read/Write Register
 802          ECReg   C0WPS                   _at_ 0x230F;    // CIR Wakeup Code Power Control/Status Register
 803          ECReg   CSCRR                   _at_ 0x2310;    // CIR Scratch Register
 804          
 805          //-----------------------------------------------------------------------------
 806          // (25xxh) Debugger (DBGR)
 807          //-----------------------------------------------------------------------------
 808          ECReg   BKA1L           _at_ 0x2510;    // Trigger 1 Address Low Byte Register
 809          ECReg   BKA1M           _at_ 0x2511;    // Trigger 1 Address Middle Byte Register
 810          ECReg   BKA1H           _at_ 0x2512;    // Trigger 1 Address High Byte Register
 811          ECReg   BKA2L           _at_ 0x2513;    // Trigger 2 Address Low Byte Register
 812          ECReg   BKA2M           _at_ 0x2514;    // Trigger 2 Address Middle Byte Register
 813          ECReg   BKA2H           _at_ 0x2515;    // Trigger 2 Address High Byte Register
 814          ECReg   BKA3L           _at_ 0x2516;    // Trigger 3 Address Low Byte Register
 815          ECReg   BKA3M           _at_ 0x2517;    // Trigger 3 Address Middle Byte Register
 816          ECReg   BKA3H           _at_ 0x2518;    // Trigger 3 Address High Byte Register
 817          
 818          //-----------------------------------------------------------------------------
 819          // (26xxh) Serial Peripheral Interface (SSPI)
 820          //-----------------------------------------------------------------------------
 821          ECReg   SPIDATA                 _at_ 0x2600;    // SPI Data Register
 822          ECReg   SPICTRL1                _at_ 0x2601;    // SPI Control 1 Register
 823          ECReg   SPICTRL2                _at_ 0x2602;    // SPI Control 2 Register
 824          ECReg   SPICTRL3                _at_ 0x2604;    // SPI Control 3 Register
 825          ECReg   SPISTS                  _at_ 0x2603;    // SPI Status Register
 826          
 827          //-----------------------------------------------------------------------------
 828          // (27xxh) Extern Serial Port (UART1)
 829          //-----------------------------------------------------------------------------
 830          ECReg   UART1_RBR               _at_ 0x2700;    // Receiver Buffer Register
 831          ECReg   UART1_IER               _at_ 0x2701;    // Interrupt Enable Register
 832          ECReg   UART1_IIR               _at_ 0x2702;    // Interrupt Identification Register
 833          ECReg   UART1_LCR               _at_ 0x2703;    // Line Control Register
 834          ECReg   UART1_MCR               _at_ 0x2704;    // Modem Control Register
 835          ECReg   UART1_LSR               _at_ 0x2705;    // Line Status Register
 836          ECReg   UART1_MSR               _at_ 0x2706;    // Modem Status Register
 837          ECReg   UART1_SCR               _at_ 0x2707;    // Scratch Pad Register
 838          ECReg   UART1_ECSPMR    _at_ 0x2708;    // EC Serial Port Mode Register
 839          
 840          //-----------------------------------------------------------------------------
 841          // (28xxh) Extern Serial Port (UART2)
 842          //-----------------------------------------------------------------------------
 843          ECReg   UART2_RBR               _at_ 0x2800;    // Receiver Buffer Register
 844          ECReg   UART2_IER               _at_ 0x2801;    // Interrupt Enable Register
 845          ECReg   UART2_IIR               _at_ 0x2802;    // Interrupt Identification Register
 846          ECReg   UART2_LCR               _at_ 0x2803;    // Line Control Register
 847          ECReg   UART2_MCR               _at_ 0x2804;    // Modem Control Register
 848          ECReg   UART2_LSR               _at_ 0x2805;    // Line Status Register
 849          ECReg   UART2_MSR               _at_ 0x2806;    // Modem Status Register
 850          ECReg   UART2_SCR               _at_ 0x2807;    // Scratch Pad Register
 851          ECReg   UART2_ECSPMR    _at_ 0x2808;    // EC Serial Port Mode Register
 852          
 853          //-----------------------------------------------------------------------------
 854          // (29xxh) 8 Bit Timer (TMR)
 855          //-----------------------------------------------------------------------------
 856          ECReg   PRSC                    _at_ 0x2900;    // TMR Prescaler Register
 857          ECReg   GCSMS                   _at_ 0x2901;    // Group Clock Source and Mode Select Register
 858          ECReg   CTR_A0                  _at_ 0x2902;    // A0 Cycle Time Register
 859          ECReg   CTR_A1                  _at_ 0x2903;    // A1 Cycle Time Register
C51 COMPILER V8.12   CORE_CHIPREGS                                                         07/28/2018 12:03:38 PAGE 15  

 860          ECReg   CTR_B0                  _at_ 0x2904;    // B0 Cycle Time Register
 861          ECReg   CTR_B1                  _at_ 0x2905;    // B1 Cycle Time Register
 862          ECReg   DCR_A0                  _at_ 0x2906;    // A0 Duty Time Register
 863          ECReg   DCR_A1                  _at_ 0x2907;    // A1 Duty Time Register
 864          ECReg   DCR_B0                  _at_ 0x2908;    // B0 Duty Time Register
 865          ECReg   DCR_B1                  _at_ 0x2909;    // B1 Duty Time Register
 866          ECReg   CCGSR                   _at_ 0x290A;    // Channel Clock Group Select Register
 867          ECReg   TMRCE                   _at_ 0x290B;    // TMR Clock Enable Register
 868          ECReg   TMEIE                   _at_ 0x290C;    // TMR Interrupt Enable Register
 869          
 870          //-----------------------------------------------------------------------------
 871          // (2Dxxh) Eflash EC indirect
 872          //-----------------------------------------------------------------------------
 873          ECReg   Eflash_ECINDAR0 _at_ 0x2D3B;
 874          ECReg   Eflash_ECINDAR1 _at_ 0x2D3C;
 875          ECReg   Eflash_ECINDAR2 _at_ 0x2D3D;
 876          ECReg   Eflash_ECINDAR3 _at_ 0x2D3E;
 877          ECReg   Eflash_ECINDDR  _at_ 0x2D3F;
 878          
 879          
 880          //-----------------------------------------------------------------------------
 881          // (2Exxh) Consumer Electronics Control (CEC)
 882          //-----------------------------------------------------------------------------
 883          ECReg   CECDR          _at_ 0x2E00;    // CEC Data Register
 884          ECReg   CECFSTS        _at_ 0x2E01;    // CEC FIFO Status Register
 885          ECReg   CECDLA         _at_ 0x2E02;    // CEC Device Logical Address Register
 886          ECReg   CECCTRL        _at_ 0x2E03;    // CEC Control Register
 887          ECReg   CECSTS         _at_ 0x2E04;    // CEC Status Register
 888          ECReg   CECIE          _at_ 0x2E05;    // CEC Interrupt Enable Register
 889          ECReg   CECOPSTS       _at_ 0x2E06;    // CEC Operation Status Register
 890          ECReg   CECCRH         _at_ 0x2E07;    // CEC Received Header Register
 891          
 892          //-----------------------------------------------------------------------------
 893          // (30xxh) Platform Environment Control Interface (PECI)
 894          //-----------------------------------------------------------------------------
 895          ECReg   HOSTAR          _at_ 0x3000;    // Host Status Register
 896          ECReg   HOCTLR          _at_ 0x3001;    // Host Control Register
 897          ECReg   HOCMDR          _at_ 0x3002;    // Host Command Register
 898          ECReg   HOTRADDR        _at_ 0x3003;    // Host Target Address Register
 899          ECReg   HOWRLR          _at_ 0x3004;    // Host Write Length Register
 900          ECReg   HORDLR          _at_ 0x3005;    // Host Read Length Register
 901          ECReg   HOWRDR          _at_ 0x3006;    // Host Write Data Register
 902          ECReg   HORDDR          _at_ 0x3007;    // Host Read Data Register
 903          
 904          ECReg   HOCTL2R         _at_ 0x3008;    // Host Control 2 Register
 905          ECReg   RWFCSV          _at_ 0x3009;    // Received Write FCS Value
 906          ECReg   RRFCSV          _at_ 0x300A;    // Received Read FCS Value
 907          ECReg   WFCSV           _at_ 0x300B;    // Write FCS Value
 908          ECReg   RFCSV           _at_ 0x300C;    // Read FCS Falue
 909          ECReg   AWFCSV          _at_ 0x300D;    // Assured Write FCS Value
 910          ECReg   PADCTLR         _at_ 0x300E;    // Pad Control Register
C51 COMPILER V8.12   CORE_CHIPREGS                                                         07/28/2018 12:03:38 PAGE 16  

ASSEMBLY LISTING OF GENERATED OBJECT CODE




MODULE INFORMATION:   STATIC OVERLAYABLE
   CODE SIZE        =   ----    ----
   CONSTANT SIZE    =   ----    ----
   XDATA SIZE       =   ----    ----
   PDATA SIZE       =   ----    ----
   DATA SIZE        =   ----    ----
   IDATA SIZE       =   ----    ----
   BIT SIZE         =   ----    ----
END OF MODULE INFORMATION.


C51 COMPILATION COMPLETE.  0 WARNING(S),  0 ERROR(S)
