C51 COMPILER V8.12   OEM_PM3                                                               07/28/2018 12:03:55 PAGE 1   


C51 COMPILER V8.12, COMPILATION OF MODULE OEM_PM3
OBJECT MODULE PLACED IN Code\Oem\OEM_PM3.OBJ
COMPILER INVOKED BY: C:\Keil\C51\BIN\C51.EXE Code\Oem\OEM_PM3.C LA WL(1) CD OT(9,SIZE) NOAREGS OR INCDIR(.\Code\CORE\INC
                    -LUDE\;.\Code\OEM\INCLUDE\;.\Code\CHIP\INCLUDE\)

line level    source

   1          /*----------------------------------------------------------------------------
   2           * Filename: OEM_PM3.C  For Chipset: ITE.IT85XX
   3           *
   4           * Function: PMC3 example function
   5           *
   6           * Author  : Dino
   7           * 
   8           * Copyright (c) 2010 - , ITE Tech. Inc. All Rights Reserved. 
   9           *
  10           * You may not present,reproduce,distribute,publish,display,modify,adapt,
  11           * perform,transmit,broadcast,recite,release,license or otherwise exploit
  12           * any part of this publication in any form,by any means,without the prior
  13           * written permission of ITE Tech. Inc. 
  14           *---------------------------------------------------------------------------*/
  15          
  16          #include <CORE_INCLUDE.H>
  17          #include <OEM_INCLUDE.H>
  18          
  19          //----------------------------------------------------------------------------
  20          // Process Command/Data received from System via PMC3 interface
  21          //----------------------------------------------------------------------------
  22          void service_pci4(void)
  23          {
  24   1      
  25   1      }
C51 COMPILER V8.12   OEM_PM3                                                               07/28/2018 12:03:55 PAGE 2   

ASSEMBLY LISTING OF GENERATED OBJECT CODE


             ; FUNCTION service_pci4 (BEGIN)
                                           ; SOURCE LINE # 22
                                           ; SOURCE LINE # 23
                                           ; SOURCE LINE # 25
0000 22                RET     
             ; FUNCTION service_pci4 (END)



MODULE INFORMATION:   STATIC OVERLAYABLE
   CODE SIZE        =      1    ----
   CONSTANT SIZE    =   ----    ----
   XDATA SIZE       =   ----    ----
   PDATA SIZE       =   ----    ----
   DATA SIZE        =   ----    ----
   IDATA SIZE       =   ----    ----
   BIT SIZE         =   ----    ----
END OF MODULE INFORMATION.


C51 COMPILATION COMPLETE.  0 WARNING(S),  0 ERROR(S)
