C51 COMPILER V8.12   OEM_PS2                                                               07/28/2018 12:03:57 PAGE 1   


C51 COMPILER V8.12, COMPILATION OF MODULE OEM_PS2
OBJECT MODULE PLACED IN Code\Oem\OEM_PS2.OBJ
COMPILER INVOKED BY: C:\Keil\C51\BIN\C51.EXE Code\Oem\OEM_PS2.C LA WL(1) CD OT(9,SIZE) NOAREGS OR INCDIR(.\Code\CORE\INC
                    -LUDE\;.\Code\OEM\INCLUDE\;.\Code\CHIP\INCLUDE\)

line level    source

   1          /*-----------------------------------------------------------------------------
   2           * TITLE: OEM_PS2.C
   3           *
   4           * Author : Dino
   5           *
   6           * Note : These functions are reference only.
   7           *        Please follow your project software specification to do some modification.
   8           *---------------------------------------------------------------------------*/
   9          
  10          #include <CORE_INCLUDE.H>
  11          #include <OEM_INCLUDE.H>
  12          
  13          // ----------------------------------------------------------------------------
  14          // To define "Hook_ECACKMouseDriver" is necessary
  15          // If define "Hook_ECACKMouseDriver" EC firmware need Respond mouse driver 
  16          //  via Hook_ECRespondtoMouseDriver function
  17          // ----------------------------------------------------------------------------
  18          void Hook_ECRespondtoMouseDriver(BYTE mscmd)
  19          {
  20   1          
  21   1      }
  22          
  23          // ----------------------------------------------------------------------------
  24          // Hook kernel service_ps2 function
  25          // ----------------------------------------------------------------------------
  26          void Hook_service_ps2(BYTE ps2_channel, BYTE ps2_data)
  27          {
  28   1      
  29   1      }
  30          
  31          // ----------------------------------------------------------------------------
  32          // Disable port 0 ( send 0xF5 command to device)
  33          // ----------------------------------------------------------------------------
  34          void Hook_DisablePS2Port_0(void)
  35          {
  36   1          DisablePS2Port_0();
  37   1      }
  38          
  39          // ----------------------------------------------------------------------------
  40          // Disable port 1 ( send 0xF5 command to device)
  41          // ----------------------------------------------------------------------------
  42          void Hook_DisablePS2Port_1(void)
  43          {
  44   1          DisablePS2Port_1();
  45   1      }
  46          
  47          // ----------------------------------------------------------------------------
  48          // Disable port 2 ( send 0xF5 command to device)
  49          // ----------------------------------------------------------------------------
  50          void Hook_DisablePS2Port_2(void)
  51          {
  52   1          DisablePS2Port_2();
  53   1      }
  54          
C51 COMPILER V8.12   OEM_PS2                                                               07/28/2018 12:03:57 PAGE 2   

  55          // ----------------------------------------------------------------------------
  56          // Enable port 0 ( send 0xF4 command to device) 
  57          // ----------------------------------------------------------------------------
  58          void Hook_EnablePS2Port_0(void)
  59          {
  60   1          EnablePS2Port_0();
  61   1      }
  62          
  63          // ----------------------------------------------------------------------------
  64          // Enable port 1 ( send 0xF4 command to device) 
  65          // ----------------------------------------------------------------------------
  66          void Hook_EnablePS2Port_1(void)
  67          {
  68   1          EnablePS2Port_1();
  69   1      }
  70          
  71          // ----------------------------------------------------------------------------
  72          // Enable port 0 ( send 0xF4 command to device) 
  73          // ----------------------------------------------------------------------------
  74          void Hook_EnablePS2Port_2(void)
  75          {
  76   1          EnablePS2Port_2();
  77   1      }
  78          
  79          // ----------------------------------------------------------------------------
  80          //
  81          // ----------------------------------------------------------------------------
  82          void Hook_TPOnlyLowLevelFunc(void)
  83          {
  84   1      
  85   1      }
C51 COMPILER V8.12   OEM_PS2                                                               07/28/2018 12:03:57 PAGE 3   

ASSEMBLY LISTING OF GENERATED OBJECT CODE


             ; FUNCTION _Hook_ECRespondtoMouseDriver (BEGIN)
                                           ; SOURCE LINE # 18
0000 900000      R     MOV     DPTR,#mscmd
0003 EF                MOV     A,R7
0004 F0                MOVX    @DPTR,A
                                           ; SOURCE LINE # 19
                                           ; SOURCE LINE # 21
0005 22                RET     
             ; FUNCTION _Hook_ECRespondtoMouseDriver (END)

             ; FUNCTION _Hook_service_ps2 (BEGIN)
                                           ; SOURCE LINE # 26
0000 900000      R     MOV     DPTR,#ps2_channel
0003 EF                MOV     A,R7
0004 F0                MOVX    @DPTR,A
0005 A3                INC     DPTR
0006 ED                MOV     A,R5
0007 F0                MOVX    @DPTR,A
                                           ; SOURCE LINE # 27
                                           ; SOURCE LINE # 29
0008 22                RET     
             ; FUNCTION _Hook_service_ps2 (END)

             ; FUNCTION Hook_DisablePS2Port_0 (BEGIN)
                                           ; SOURCE LINE # 34
                                           ; SOURCE LINE # 35
                                           ; SOURCE LINE # 36
0000 020000      E     LJMP    DisablePS2Port_0
             ; FUNCTION Hook_DisablePS2Port_0 (END)

             ; FUNCTION Hook_DisablePS2Port_1 (BEGIN)
                                           ; SOURCE LINE # 42
                                           ; SOURCE LINE # 43
                                           ; SOURCE LINE # 44
0000 020000      E     LJMP    DisablePS2Port_1
             ; FUNCTION Hook_DisablePS2Port_1 (END)

             ; FUNCTION Hook_DisablePS2Port_2 (BEGIN)
                                           ; SOURCE LINE # 50
                                           ; SOURCE LINE # 51
                                           ; SOURCE LINE # 52
0000 020000      E     LJMP    DisablePS2Port_2
             ; FUNCTION Hook_DisablePS2Port_2 (END)

             ; FUNCTION Hook_EnablePS2Port_0 (BEGIN)
                                           ; SOURCE LINE # 58
                                           ; SOURCE LINE # 59
                                           ; SOURCE LINE # 60
0000 020000      E     LJMP    EnablePS2Port_0
             ; FUNCTION Hook_EnablePS2Port_0 (END)

             ; FUNCTION Hook_EnablePS2Port_1 (BEGIN)
                                           ; SOURCE LINE # 66
                                           ; SOURCE LINE # 67
                                           ; SOURCE LINE # 68
0000 020000      E     LJMP    EnablePS2Port_1
             ; FUNCTION Hook_EnablePS2Port_1 (END)

             ; FUNCTION Hook_EnablePS2Port_2 (BEGIN)
C51 COMPILER V8.12   OEM_PS2                                                               07/28/2018 12:03:57 PAGE 4   

                                           ; SOURCE LINE # 74
                                           ; SOURCE LINE # 75
                                           ; SOURCE LINE # 76
0000 020000      E     LJMP    EnablePS2Port_2
             ; FUNCTION Hook_EnablePS2Port_2 (END)

             ; FUNCTION Hook_TPOnlyLowLevelFunc (BEGIN)
                                           ; SOURCE LINE # 82
                                           ; SOURCE LINE # 83
                                           ; SOURCE LINE # 85
0000 22                RET     
             ; FUNCTION Hook_TPOnlyLowLevelFunc (END)



MODULE INFORMATION:   STATIC OVERLAYABLE
   CODE SIZE        =     34    ----
   CONSTANT SIZE    =   ----    ----
   XDATA SIZE       =   ----       3
   PDATA SIZE       =   ----    ----
   DATA SIZE        =   ----    ----
   IDATA SIZE       =   ----    ----
   BIT SIZE         =   ----    ----
END OF MODULE INFORMATION.


C51 COMPILATION COMPLETE.  0 WARNING(S),  0 ERROR(S)
