A51 MACRO ASSEMBLER  OEM_ASM                                                              07/28/2018 12:04:00 PAGE     1


MACRO ASSEMBLER A51 V8.01
OBJECT MODULE PLACED IN Code\Oem\OEM_ASM.OBJ
ASSEMBLER INVOKED BY: C:\Keil\C51\BIN\A51.EXE Code\Oem\OEM_ASM.SRC SET(LA) DEBUG EP

LOC  OBJ            LINE     SOURCE

                       1     ; Code\Oem\OEM_ASM.SRC generated from: Code\Oem\OEM_ASM.C
                       2     ; COMPILER INVOKED BY:
                       3     ;        C:\Keil\C51\BIN\C51.EXE Code\Oem\OEM_ASM.C LA WL(1) CD OT(9,SIZE) NOAREGS OR SRC I
                             NCDIR(.\Code\CORE\INCLUDE\;.\Code\OEM\INCLUDE\;.\Code\CHIP\INCLUDE\)
                       4     
                       5     $nomod51 
                       6     
                       7     NAME    OEM_ASM
                       8     
  0080                 9     P0      DATA    080H
  0090                10     P1      DATA    090H
  00A0                11     P2      DATA    0A0H
  00B0                12     P3      DATA    0B0H
  00D0                13     PSW     DATA    0D0H
  00E0                14     ACC     DATA    0E0H
  00F0                15     B       DATA    0F0H
  0081                16     SP      DATA    081H
  0082                17     DPL     DATA    082H
  0083                18     DPH     DATA    083H
  0087                19     PCON    DATA    087H
  0088                20     TCON    DATA    088H
  0089                21     TMOD    DATA    089H
  008A                22     TL0     DATA    08AH
  008B                23     TL1     DATA    08BH
  008C                24     TH0     DATA    08CH
  008D                25     TH1     DATA    08DH
  008E                26     CKCON   DATA    08EH
  00A8                27     IE      DATA    0A8H
  00B8                28     IP      DATA    0B8H
  0098                29     SCON    DATA    098H
  0099                30     SBUF    DATA    099H
  00C8                31     T2CON   DATA    0C8H
  00C9                32     T2MOD   DATA    0C9H
  00CA                33     RCAP2L  DATA    0CAH
  00CB                34     RCAP2H  DATA    0CBH
  00CC                35     TL2     DATA    0CCH
  00CD                36     TH2     DATA    0CDH
  00D8                37     WDTCON  DATA    0D8H
  00F7                38     MPRECF  DATA    0F7H
  00D9                39     WDTEB   BIT     0D8H.1
  00D8                40     WDTRST  BIT     0D8H.0
  00D7                41     CY      BIT     0D0H.7
  00D6                42     AC      BIT     0D0H.6
  00D5                43     F0      BIT     0D0H.5
  00D4                44     RS1     BIT     0D0H.4
  00D3                45     RS0     BIT     0D0H.3
  00D2                46     OV      BIT     0D0H.2
  00D0                47     P       BIT     0D0H.0
  008F                48     TF1     BIT     088H.7
  008E                49     TR1     BIT     088H.6
  008D                50     TF0     BIT     088H.5
  008C                51     TR0     BIT     088H.4
  008B                52     IE1     BIT     088H.3
  008A                53     IT1     BIT     088H.2
  0089                54     IE0     BIT     088H.1
  0088                55     IT0     BIT     088H.0
  00AF                56     EA      BIT     0A8H.7
  00AD                57     ET2     BIT     0A8H.5
A51 MACRO ASSEMBLER  OEM_ASM                                                              07/28/2018 12:04:00 PAGE     2

  00AC                58     ES      BIT     0A8H.4
  00AB                59     ET1     BIT     0A8H.3
  00AA                60     EX1     BIT     0A8H.2
  00A9                61     ET0     BIT     0A8H.1
  00A8                62     EX0     BIT     0A8H.0
  00BC                63     PS      BIT     0B8H.4
  00BB                64     PT1     BIT     0B8H.3
  00BA                65     PX1     BIT     0B8H.2
  00B9                66     PT0     BIT     0B8H.1
  00B8                67     PX0     BIT     0B8H.0
  00B7                68     RD      BIT     0B0H.7
  00B6                69     WR      BIT     0B0H.6
  00B5                70     T1      BIT     0B0H.5
  00B4                71     T0      BIT     0B0H.4
  00B3                72     INT1    BIT     0B0H.3
  00B2                73     INT0    BIT     0B0H.2
  009F                74     SM0     BIT     098H.7
  009E                75     SM1     BIT     098H.6
  009D                76     SM2     BIT     098H.5
  009C                77     REN     BIT     098H.4
  009B                78     TB8     BIT     098H.3
  009A                79     RB8     BIT     098H.2
  0099                80     TI      BIT     098H.1
  0098                81     RI      BIT     098H.0
  00CF                82     TF2     BIT     0C8H.7
  00CE                83     EXF2    BIT     0C8H.6
  00CD                84     RCLK    BIT     0C8H.5
  00CC                85     TCLK    BIT     0C8H.4
  00CB                86     EXEN2   BIT     0C8H.3
  00CA                87     TR2     BIT     0C8H.2
  00C9                88     CT2     BIT     0C8H.1
  00C8                89     CPRL2   BIT     0C8H.0
                      90     ?PR?Example_ASM?OEM_ASM                  SEGMENT CODE 
                      91             PUBLIC  Example_ASM
                      92     ; /*-----------------------------------------------------------------------------
                      93     ;  * TITLE: OEM_ASM.C
                      94     ;  *
                      95     ;  * Author : Dino
                      96     ;  *
                      97     ;  * The file allows to insert assembly code.
                      98     ;  *---------------------------------------------------------------------------*/
                      99     ; 
                     100     ; #include <CORE_INCLUDE.H>
                     101     ; #include <OEM_INCLUDE.H>
                     102     ; 
                     103     ; void Example_ASM(void)
                     104     
----                 105             RSEG  ?PR?Example_ASM?OEM_ASM
0000                 106     Example_ASM:
                     107                             ; SOURCE LINE # 12
                     108     ; {
                     109                             ; SOURCE LINE # 13
                     110     ;     #pragma asm
                     111     ; 
                     112               
                     113     ; 
                     114               
                     115     ;     #pragma endasm
                     116     ; }                     ; SOURCE LINE # 18
0000 22              117             RET     
                     118     ; END OF Example_ASM
                     119     
                     120             END
A51 MACRO ASSEMBLER  OEM_ASM                                                              07/28/2018 12:04:00 PAGE     3

SYMBOL TABLE LISTING
------ ----- -------


N A M E                  T Y P E  V A L U E   ATTRIBUTES

?PR?EXAMPLE_ASM?OEM_ASM  C SEG    0001H       REL=UNIT
AC. . . . . . . . . . .  B ADDR   00D0H.6 A   
ACC . . . . . . . . . .  D ADDR   00E0H   A   
B . . . . . . . . . . .  D ADDR   00F0H   A   
CKCON . . . . . . . . .  D ADDR   008EH   A   
CPRL2 . . . . . . . . .  B ADDR   00C8H.0 A   
CT2 . . . . . . . . . .  B ADDR   00C8H.1 A   
CY. . . . . . . . . . .  B ADDR   00D0H.7 A   
DPH . . . . . . . . . .  D ADDR   0083H   A   
DPL . . . . . . . . . .  D ADDR   0082H   A   
EA. . . . . . . . . . .  B ADDR   00A8H.7 A   
ES. . . . . . . . . . .  B ADDR   00A8H.4 A   
ET0 . . . . . . . . . .  B ADDR   00A8H.1 A   
ET1 . . . . . . . . . .  B ADDR   00A8H.3 A   
ET2 . . . . . . . . . .  B ADDR   00A8H.5 A   
EX0 . . . . . . . . . .  B ADDR   00A8H.0 A   
EX1 . . . . . . . . . .  B ADDR   00A8H.2 A   
EXAMPLE_ASM . . . . . .  C ADDR   0000H   R   SEG=?PR?EXAMPLE_ASM?OEM_ASM
EXEN2 . . . . . . . . .  B ADDR   00C8H.3 A   
EXF2. . . . . . . . . .  B ADDR   00C8H.6 A   
F0. . . . . . . . . . .  B ADDR   00D0H.5 A   
IE. . . . . . . . . . .  D ADDR   00A8H   A   
IE0 . . . . . . . . . .  B ADDR   0088H.1 A   
IE1 . . . . . . . . . .  B ADDR   0088H.3 A   
INT0. . . . . . . . . .  B ADDR   00B0H.2 A   
INT1. . . . . . . . . .  B ADDR   00B0H.3 A   
IP. . . . . . . . . . .  D ADDR   00B8H   A   
IT0 . . . . . . . . . .  B ADDR   0088H.0 A   
IT1 . . . . . . . . . .  B ADDR   0088H.2 A   
MPRECF. . . . . . . . .  D ADDR   00F7H   A   
OEM_ASM . . . . . . . .  N NUMB   -----       
OV. . . . . . . . . . .  B ADDR   00D0H.2 A   
P . . . . . . . . . . .  B ADDR   00D0H.0 A   
P0. . . . . . . . . . .  D ADDR   0080H   A   
P1. . . . . . . . . . .  D ADDR   0090H   A   
P2. . . . . . . . . . .  D ADDR   00A0H   A   
P3. . . . . . . . . . .  D ADDR   00B0H   A   
PCON. . . . . . . . . .  D ADDR   0087H   A   
PS. . . . . . . . . . .  B ADDR   00B8H.4 A   
PSW . . . . . . . . . .  D ADDR   00D0H   A   
PT0 . . . . . . . . . .  B ADDR   00B8H.1 A   
PT1 . . . . . . . . . .  B ADDR   00B8H.3 A   
PX0 . . . . . . . . . .  B ADDR   00B8H.0 A   
PX1 . . . . . . . . . .  B ADDR   00B8H.2 A   
RB8 . . . . . . . . . .  B ADDR   0098H.2 A   
RCAP2H. . . . . . . . .  D ADDR   00CBH   A   
RCAP2L. . . . . . . . .  D ADDR   00CAH   A   
RCLK. . . . . . . . . .  B ADDR   00C8H.5 A   
RD. . . . . . . . . . .  B ADDR   00B0H.7 A   
REN . . . . . . . . . .  B ADDR   0098H.4 A   
RI. . . . . . . . . . .  B ADDR   0098H.0 A   
RS0 . . . . . . . . . .  B ADDR   00D0H.3 A   
RS1 . . . . . . . . . .  B ADDR   00D0H.4 A   
SBUF. . . . . . . . . .  D ADDR   0099H   A   
SCON. . . . . . . . . .  D ADDR   0098H   A   
SM0 . . . . . . . . . .  B ADDR   0098H.7 A   
SM1 . . . . . . . . . .  B ADDR   0098H.6 A   
SM2 . . . . . . . . . .  B ADDR   0098H.5 A   
SP. . . . . . . . . . .  D ADDR   0081H   A   
T0. . . . . . . . . . .  B ADDR   00B0H.4 A   
A51 MACRO ASSEMBLER  OEM_ASM                                                              07/28/2018 12:04:00 PAGE     4

T1. . . . . . . . . . .  B ADDR   00B0H.5 A   
T2CON . . . . . . . . .  D ADDR   00C8H   A   
T2MOD . . . . . . . . .  D ADDR   00C9H   A   
TB8 . . . . . . . . . .  B ADDR   0098H.3 A   
TCLK. . . . . . . . . .  B ADDR   00C8H.4 A   
TCON. . . . . . . . . .  D ADDR   0088H   A   
TF0 . . . . . . . . . .  B ADDR   0088H.5 A   
TF1 . . . . . . . . . .  B ADDR   0088H.7 A   
TF2 . . . . . . . . . .  B ADDR   00C8H.7 A   
TH0 . . . . . . . . . .  D ADDR   008CH   A   
TH1 . . . . . . . . . .  D ADDR   008DH   A   
TH2 . . . . . . . . . .  D ADDR   00CDH   A   
TI. . . . . . . . . . .  B ADDR   0098H.1 A   
TL0 . . . . . . . . . .  D ADDR   008AH   A   
TL1 . . . . . . . . . .  D ADDR   008BH   A   
TL2 . . . . . . . . . .  D ADDR   00CCH   A   
TMOD. . . . . . . . . .  D ADDR   0089H   A   
TR0 . . . . . . . . . .  B ADDR   0088H.4 A   
TR1 . . . . . . . . . .  B ADDR   0088H.6 A   
TR2 . . . . . . . . . .  B ADDR   00C8H.2 A   
WDTCON. . . . . . . . .  D ADDR   00D8H   A   
WDTEB . . . . . . . . .  B ADDR   00D8H.1 A   
WDTRST. . . . . . . . .  B ADDR   00D8H.0 A   
WR. . . . . . . . . . .  B ADDR   00B0H.6 A   


REGISTER BANK(S) USED: 0 


ASSEMBLY COMPLETE.  0 WARNING(S), 0 ERROR(S)
